

================================================================
== Vitis HLS Report for 'Kernel2Sum'
================================================================
* Date:           Thu Jun 12 00:01:59 2025

* Version:        2024.1 (Build 5069499 on May 21 2024)
* Project:        Kernel2Sum
* Solution:       hls (Vitis Kernel Flow Target)
* Product family: virtexuplus
* Target device:  xcu250-figd2104-2L-e


================================================================
== Performance Estimates
================================================================
+ Timing: 
    * Summary: 
    +--------+----------+----------+------------+
    |  Clock |  Target  | Estimated| Uncertainty|
    +--------+----------+----------+------------+
    |ap_clk  |  10.00 ns|  1.795 ns|     2.70 ns|
    +--------+----------+----------+------------+

+ Latency: 
    * Summary: 
    +---------+---------+----------+----------+-----+-----+-----------------------------------------------+
    |  Latency (cycles) |  Latency (absolute) |  Interval |                    Pipeline                   |
    |   min   |   max   |    min   |    max   | min | max |                      Type                     |
    +---------+---------+----------+----------+-----+-----+-----------------------------------------------+
    |        ?|        ?|         ?|         ?|    0|    0|  loop auto-rewind stp(delay=0 clock cycles(s))|
    +---------+---------+----------+----------+-----+-----+-----------------------------------------------+

    + Detail: 
        * Instance: 
        N/A

        * Loop: 
        +------------------+---------+---------+----------+-----------+-----------+------+----------+
        |                  |  Latency (cycles) | Iteration|  Initiation Interval  | Trip |          |
        |     Loop Name    |   min   |   max   |  Latency |  achieved |   target  | Count| Pipelined|
        +------------------+---------+---------+----------+-----------+-----------+------+----------+
        |- VITIS_LOOP_8_1  |        ?|        ?|         2|          2|          1|     ?|       yes|
        +------------------+---------+---------+----------+-----------+-----------+------+----------+



================================================================
== Utilization Estimates
================================================================
* Summary: 
+---------------------+---------+-------+---------+---------+------+
|         Name        | BRAM_18K|  DSP  |    FF   |   LUT   | URAM |
+---------------------+---------+-------+---------+---------+------+
|DSP                  |        -|      -|        -|        -|     -|
|Expression           |        -|      -|        0|       47|     -|
|FIFO                 |        -|      -|        -|        -|     -|
|Instance             |        0|      -|       36|       40|     0|
|Memory               |        -|      -|        -|        -|     -|
|Multiplexer          |        -|      -|        0|       59|     -|
|Register             |        -|      -|       38|        -|     -|
+---------------------+---------+-------+---------+---------+------+
|Total                |        0|      0|       74|      146|     0|
+---------------------+---------+-------+---------+---------+------+
|Available SLR        |     1344|   3072|   864000|   432000|   320|
+---------------------+---------+-------+---------+---------+------+
|Utilization SLR (%)  |        0|      0|       ~0|       ~0|     0|
+---------------------+---------+-------+---------+---------+------+
|Available            |     5376|  12288|  3456000|  1728000|  1280|
+---------------------+---------+-------+---------+---------+------+
|Utilization (%)      |        0|      0|       ~0|       ~0|     0|
+---------------------+---------+-------+---------+---------+------+

+ Detail: 
    * Instance: 
    +-----------------+---------------+---------+----+----+----+-----+
    |     Instance    |     Module    | BRAM_18K| DSP| FF | LUT| URAM|
    +-----------------+---------------+---------+----+----+----+-----+
    |control_s_axi_U  |control_s_axi  |        0|   0|  36|  40|    0|
    +-----------------+---------------+---------+----+----+----+-----+
    |Total            |               |        0|   0|  36|  40|    0|
    +-----------------+---------------+---------+----+----+----+-----+

    * DSP: 
    N/A

    * Memory: 
    N/A

    * FIFO: 
    N/A

    * Expression: 
    +----------------------------------+----------+----+---+----+------------+------------+
    |           Variable Name          | Operation| DSP| FF| LUT| Bitwidth P0| Bitwidth P1|
    +----------------------------------+----------+----+---+----+------------+------------+
    |OutStream_TDATA_int_regslice      |         +|   0|  0|  39|          32|          32|
    |ap_condition_175                  |       and|   0|  0|   2|           1|           1|
    |tmp_nbreadreq_fu_59_p3            |       and|   0|  0|   2|           1|           0|
    |ap_block_state1_pp0_stage0_iter0  |        or|   0|  0|   2|           1|           1|
    |ap_block_state2_pp0_stage1_iter0  |        or|   0|  0|   2|           1|           1|
    +----------------------------------+----------+----+---+----+------------+------------+
    |Total                             |          |   0|  0|  47|          36|          35|
    +----------------------------------+----------+----+---+----+------------+------------+

    * Multiplexer: 
    +---------------------------+----+-----------+-----+-----------+
    |            Name           | LUT| Input Size| Bits| Total Bits|
    +---------------------------+----+-----------+-----+-----------+
    |InputStream_TDATA_blk_n    |   9|          2|    1|          2|
    |OutStream_TDATA_blk_n      |   9|          2|    1|          2|
    |ap_NS_fsm                  |  14|          3|    1|          3|
    |ap_done_int                |   9|          2|    1|          2|
    |ap_sig_allocacmp_inVal1_1  |   9|          2|   32|         64|
    |inVal1_fu_42               |   9|          2|   32|         64|
    +---------------------------+----+-----------+-----+-----------+
    |Total                      |  59|         13|   68|        137|
    +---------------------------+----+-----------+-----+-----------+

    * Register: 
    +--------------+----+----+-----+-----------+
    |     Name     | FF | LUT| Bits| Const Bits|
    +--------------+----+----+-----+-----------+
    |ap_CS_fsm     |   2|   0|    2|          0|
    |ap_done_reg   |   1|   0|    1|          0|
    |ap_rst_n_inv  |   1|   0|    1|          0|
    |ap_rst_reg_1  |   1|   0|    1|          0|
    |ap_rst_reg_2  |   1|   0|    1|          0|
    |inVal1_fu_42  |  32|   0|   32|          0|
    +--------------+----+----+-----+-----------+
    |Total         |  38|   0|   38|          0|
    +--------------+----+----+-----+-----------+



================================================================
== Interface
================================================================
* Summary: 
+-----------------------+-----+-----+---------------+--------------+--------------+
|       RTL Ports       | Dir | Bits|    Protocol   | Source Object|    C Type    |
+-----------------------+-----+-----+---------------+--------------+--------------+
|s_axi_control_AWVALID  |   in|    1|          s_axi|       control|   return void|
|s_axi_control_AWREADY  |  out|    1|          s_axi|       control|   return void|
|s_axi_control_AWADDR   |   in|    4|          s_axi|       control|   return void|
|s_axi_control_WVALID   |   in|    1|          s_axi|       control|   return void|
|s_axi_control_WREADY   |  out|    1|          s_axi|       control|   return void|
|s_axi_control_WDATA    |   in|   32|          s_axi|       control|   return void|
|s_axi_control_WSTRB    |   in|    4|          s_axi|       control|   return void|
|s_axi_control_ARVALID  |   in|    1|          s_axi|       control|   return void|
|s_axi_control_ARREADY  |  out|    1|          s_axi|       control|   return void|
|s_axi_control_ARADDR   |   in|    4|          s_axi|       control|   return void|
|s_axi_control_RVALID   |  out|    1|          s_axi|       control|   return void|
|s_axi_control_RREADY   |   in|    1|          s_axi|       control|   return void|
|s_axi_control_RDATA    |  out|   32|          s_axi|       control|   return void|
|s_axi_control_RRESP    |  out|    2|          s_axi|       control|   return void|
|s_axi_control_BVALID   |  out|    1|          s_axi|       control|   return void|
|s_axi_control_BREADY   |   in|    1|          s_axi|       control|   return void|
|s_axi_control_BRESP    |  out|    2|          s_axi|       control|   return void|
|ap_clk                 |   in|    1|  ap_ctrl_chain|    Kernel2Sum|  return value|
|ap_rst_n               |   in|    1|  ap_ctrl_chain|    Kernel2Sum|  return value|
|interrupt              |  out|    1|  ap_ctrl_chain|    Kernel2Sum|  return value|
|OutStream_TREADY       |   in|    1|           axis|     OutStream|       pointer|
|OutStream_TDATA        |  out|   32|           axis|     OutStream|       pointer|
|OutStream_TVALID       |  out|    1|           axis|     OutStream|       pointer|
|InputStream_TDATA      |   in|   32|           axis|   InputStream|       pointer|
|InputStream_TVALID     |   in|    1|           axis|   InputStream|       pointer|
|InputStream_TREADY     |  out|    1|           axis|   InputStream|       pointer|
+-----------------------+-----+-----+---------------+--------------+--------------+

