INFO: [vitis-run 60-1548] Creating build summary session with primary output /media/diskDrive/ahead/ahead_user12/AHEAD/KernelHLSStuff/Kernel2_Sum/Kernel2Sum/Kernel2Sum/Kernel2Sum.hlsrun_csim_summary, at Wed Jun 11 23:48:10 2025
INFO: [vitis-run 82-31] Launching vitis_hls: vitis_hls -nolog -run csim -work_dir /media/diskDrive/ahead/ahead_user12/AHEAD/KernelHLSStuff/Kernel2_Sum/Kernel2Sum/Kernel2Sum -config /media/diskDrive/ahead/ahead_user12/AHEAD/KernelHLSStuff/Kernel2_Sum/Kernel2Sum/hls_config.cfg -cmdlineconfig /media/diskDrive/ahead/ahead_user12/AHEAD/KernelHLSStuff/Kernel2_Sum/Kernel2Sum/Kernel2Sum/hls/config.cmdline

****** Vitis HLS - High-Level Synthesis from C, C++ and OpenCL v2024.1 (64-bit)
  **** SW Build 5069499 on May 21 2024
  **** IP Build 5075265 on Wed May 22 21:45:21 MDT 2024
  **** SharedData Build 5076995 on Wed May 22 18:29:18 MDT 2024
  **** Start of session at: Wed Jun 11 23:48:12 2025
    ** Copyright 1986-2022 Xilinx, Inc. All Rights Reserved.
    ** Copyright 2022-2024 Advanced Micro Devices, Inc. All Rights Reserved.

source /media/slowSSD/Xilinx_2024.1/Vitis_HLS/2024.1/scripts/vitis_hls/hls.tcl -notrace
INFO: [HLS 200-10] For user 'ahead_user12' on host 'sabidi-OptiPlex-7090' (Linux_x86_64 version 5.15.0-134-generic) on Wed Jun 11 23:48:14 CEST 2025
INFO: [HLS 200-10] On os Ubuntu 20.04.6 LTS
INFO: [HLS 200-10] In directory '/media/diskDrive/ahead/ahead_user12/AHEAD/KernelHLSStuff/Kernel2_Sum/Kernel2Sum'
INFO: [HLS 200-2005] Using work_dir /media/diskDrive/ahead/ahead_user12/AHEAD/KernelHLSStuff/Kernel2_Sum/Kernel2Sum/Kernel2Sum 
INFO: [HLS 200-1505] Using default flow_target 'vivado'
Resolution: For help on HLS 200-1505 see docs.xilinx.com/access/sources/dita/topic?Doc_Version=2024.1%20English&url=ug1448-hls-guidance&resourceid=200-1505.html
INFO: [HLS 200-1465] Applying ini 'syn.file=Kernel2Sum.cpp' from /media/diskDrive/ahead/ahead_user12/AHEAD/KernelHLSStuff/Kernel2_Sum/Kernel2Sum/hls_config.cfg(8)
INFO: [HLS 200-10] Adding design file '/media/diskDrive/ahead/ahead_user12/AHEAD/KernelHLSStuff/Kernel2_Sum/Kernel2Sum/Kernel2Sum.cpp' to the project
INFO: [HLS 200-1465] Applying ini 'tb.file=Kernel2Sum_test.cpp' from /media/diskDrive/ahead/ahead_user12/AHEAD/KernelHLSStuff/Kernel2_Sum/Kernel2Sum/hls_config.cfg(9)
INFO: [HLS 200-10] Adding test bench file '/media/diskDrive/ahead/ahead_user12/AHEAD/KernelHLSStuff/Kernel2_Sum/Kernel2Sum/Kernel2Sum_test.cpp' to the project
INFO: [HLS 200-1465] Applying ini 'syn.top=Kernel2Sum' from /media/diskDrive/ahead/ahead_user12/AHEAD/KernelHLSStuff/Kernel2_Sum/Kernel2Sum/hls_config.cfg(10)
INFO: [HLS 200-1465] Applying ini 'flow_target=vitis' from /media/diskDrive/ahead/ahead_user12/AHEAD/KernelHLSStuff/Kernel2_Sum/Kernel2Sum/hls_config.cfg(4)
INFO: [HLS 200-1505] Using flow_target 'vitis'
Resolution: For help on HLS 200-1505 see docs.xilinx.com/access/sources/dita/topic?Doc_Version=2024.1%20English&url=ug1448-hls-guidance&resourceid=200-1505.html
INFO: [HLS 200-435] Setting 'open_solution -flow_target vitis' configuration: config_interface -m_axi_latency=64
INFO: [HLS 200-435] Setting 'open_solution -flow_target vitis' configuration: config_interface -m_axi_alignment_byte_size=64
INFO: [HLS 200-435] Setting 'open_solution -flow_target vitis' configuration: config_interface -m_axi_max_widen_bitwidth=512
INFO: [HLS 200-435] Setting 'open_solution -flow_target vitis' configuration: config_rtl -register_reset_num=3
INFO: [HLS 200-1465] Applying ini 'part=xcu250-figd2104-2L-e' from /media/diskDrive/ahead/ahead_user12/AHEAD/KernelHLSStuff/Kernel2_Sum/Kernel2Sum/hls_config.cfg(1)
INFO: [HLS 200-1611] Setting target device to 'xcu250-figd2104-2L-e'
INFO: [HLS 200-1465] Applying ini 'clock=10ns' from /media/diskDrive/ahead/ahead_user12/AHEAD/KernelHLSStuff/Kernel2_Sum/Kernel2Sum/hls_config.cfg(7)
INFO: [SYN 201-201] Setting up clock 'default' with a period of 10ns.
INFO: [HLS 200-1465] Applying ini 'package.output.format=ip_catalog' from /media/diskDrive/ahead/ahead_user12/AHEAD/KernelHLSStuff/Kernel2_Sum/Kernel2Sum/hls_config.cfg(5)
INFO: [SIM 211-2] *************** CSIM start ***************
INFO: [SIM 211-4] CSIM will launch CLANG as the compiler.
INFO: [HLS 200-2036] Building debug C Simulation binaries
   Compiling ../../../../Kernel2Sum_test.cpp in debug mode
   Compiling ../../../../Kernel2Sum.cpp in debug mode
   Generating csim.exe
ERROR [HLS SIM]: an hls::stream is read while empty, which may result in RTL simulation hanging.
If this is not expected, execute C simulation in debug mode in the GUI and examine the source code location of the blocked hls::stream::read() call to debug.
If this is expected, add -DALLOW_EMPTY_HLS_STREAM_READS to -cflags to turn this error into a warning and allow empty hls::stream reads to return the default value for the data type.
@E Simulation failed with unknown error.
ERROR: [SIM 211-100] CSim failed with errors.
INFO: [SIM 211-3] *************** CSIM finish ***************
ERROR: 4
INFO: [HLS 200-112] Total CPU user time: 5.59 seconds. Total CPU system time: 0.46 seconds. Total elapsed time: 6.98 seconds; peak allocated memory: 337.375 MB.
