================================================================
== Design Size Report
================================================================

* Total Instructions per Compilation Phase
+---------------+-----------------------------+--------------+----------------------------------------------------------------------------------------+
| Phase         | Step                        | Instructions | Description                                                                            |
+---------------+-----------------------------+--------------+----------------------------------------------------------------------------------------+
| Compile/Link  |                             | 91           | After all functions are compiled and linked into a single design                       |
|               |                             |              |                                                                                        |
| Unroll/Inline |                             |              | After user unroll and inline pragmas are applied                                       |
|               | (1) unroll                  | 27           | user unroll pragmas are applied                                                        |
|               | (2) simplification          | 25           | simplification of applied user unroll pragmas                                          |
|               | (3) inline                  | 19           | user inline pragmas are applied                                                        |
|               | (4) simplification          | 19           | simplification of applied user inline pragmas                                          |
|               |                             |              |                                                                                        |
| Array/Struct  |                             |              | After user array partition and struct aggregate/disaggregate pragmas are applied       |
|               | (1) array partition         | 19           | user array partition pragmas are applied                                               |
|               | (2) simplification          | 19           | simplification of applied user array partition & struct aggregate/disaggregate pragmas |
|               | (3) aggregate/disaggregate  | 19           | user struct aggregate/disaggregate pragmas are applied                                 |
|               | (4) array reshape           | 19           | apply array reshape pragmas                                                            |
|               | (5) access patterns         | 19           | array access pattern optmizations                                                      |
|               |                             |              |                                                                                        |
| Performance   |                             |              | After transformations are applied to meet performance pragma targets                   |
|               | (1) loop simplification     | 19           | loop and instruction simplification                                                    |
|               | (2) parallelization         | 19           | loops are unrolled or pipelined to meet performance targets                            |
|               | (3) array partition         | 19           | arrays are partitioned to meet performance targets                                     |
|               | (4) simplification          | 19           | simplification of design after performance transformations                             |
|               |                             |              |                                                                                        |
| HW Transforms |                             |              | After hardware transfomations                                                          |
|               | (1) lowering                | 23           | initial conversion to HW specific instructions                                         |
|               | (2) optimizations           | 35           | high level synthesis optimizations                                                     |
+---------------+-----------------------------+--------------+----------------------------------------------------------------------------------------+

* Instructions per Function for each Compilation Phase
+--------------------+-----------------------+--------------+---------------+--------------+-------------+---------------+
| Function           | Location              | Compile/Link | Unroll/Inline | Array/Struct | Performance | HW Transforms |
+--------------------+-----------------------+--------------+---------------+--------------+-------------+---------------+
| + Kernel_Connector | KernelConnector.cpp:5 | 91           | 19            | 19           | 19          | 35            |
|  + Kernel1_Square  | Kernel1Square.cpp:13  | 38           |               |              |             |               |
|     SquareStream   | Kernel1Square.cpp:4   | 36           |               |              |             |               |
|    Kernel2Sum      | Kernel2Sum.cpp:3      | 38           |               |              |             |               |
+--------------------+-----------------------+--------------+---------------+--------------+-------------+---------------+

* Design Size Message Settings
+---------------------------------------------+--------+------------------------------------------------------------------+
| Message Setting                             | Value  | Description                                                      |
+---------------------------------------------+--------+------------------------------------------------------------------+
| config_compile -design_size_maximum_warning | 100000 | Show a warning when total design instructions exceeds this value |
+---------------------------------------------+--------+------------------------------------------------------------------+


