Wed Jun 11 22:48:57 2025: Running xcd server. This server was built by gradle.
Wed Jun 11 22:48:57 2025: Server was asked to start on port: '38733'
Wed Jun 11 22:48:57 2025: Server is using token UUID: '02541836-c0d7-47ca-a83c-ee76c1cd8f6b'
Wed Jun 11 22:48:57 2025: SESSION_MGR: creating session with session uuid: '6d04a3e9-ade5-4ab9-8d63-1f78fcd2ec76' and name 'default'
Wed Jun 11 22:48:57 2025: Attempting to start server on port '38733'
Wed Jun 11 22:48:57 2025: XCD main fifo: created main fifo '/tmp/xcdmain02541836-c0d7-47ca-a83c-ee76c1cd8f6b', fd read = 13
Wed Jun 11 22:48:57 2025: Running Dispatch Server
Wed Jun 11 22:48:57 2025: Version 2.2.0
Wed Jun 11 22:48:58 2025: Dispatch Server: Accepted socket connection from client
Wed Jun 11 22:48:58 2025: Starting Socket connection
Wed Jun 11 22:48:58 2025: EXCHANGE_TOKEN received, server token: 02541836-c0d7-47ca-a83c-ee76c1cd8f6b, passed token: 02541836-c0d7-47ca-a83c-ee76c1cd8f6b
Wed Jun 11 22:48:58 2025: DISPATCH_HANDLER: Adding handler from function makeHandler in library libxv_system_diagram
Wed Jun 11 22:48:58 2025: SESSION_MGR: creating session with session uuid: '2d42ad54-f770-4c8b-b34c-915ae7edacf3' and name 'v++_compile_Kernel1_Square'
Wed Jun 11 22:48:58 2025: KERNEL_SVC: creating session with uuid: '2d42ad54-f770-4c8b-b34c-915ae7edacf3' and name 'v++_compile_Kernel1_Square'
Wed Jun 11 22:48:58 2025: GUIDANCE_SMGR: creating guidance session with uuid: '2d42ad54-f770-4c8b-b34c-915ae7edacf3' and name 'v++_compile_Kernel1_Square'
Wed Jun 11 22:48:58 2025: SYSTEM_DIAGRAM: creating session with uuid: '2d42ad54-f770-4c8b-b34c-915ae7edacf3' and name 'v++_compile_Kernel1_Square'
Wed Jun 11 22:49:03 2025: Dispatch Server: Accepted socket connection from client
Wed Jun 11 22:49:03 2025: Starting Socket connection
Wed Jun 11 22:49:13 2025: SESSION_MGR: closing session for UUID '2d42ad54-f770-4c8b-b34c-915ae7edacf3' with name 'v++_compile_Kernel1_Square'
Wed Jun 11 22:49:13 2025: KERNEL_SVC: closing session for UUID '2d42ad54-f770-4c8b-b34c-915ae7edacf3' with name 'v++_compile_Kernel1_Square'
Wed Jun 11 22:49:13 2025: GUIDANCE_SMGR: closing session for UUID '2d42ad54-f770-4c8b-b34c-915ae7edacf3' with name 'v++_compile_Kernel1_Square'
Wed Jun 11 22:49:13 2025: SYSTEM_DIAGRAM: closing session for UUID '2d42ad54-f770-4c8b-b34c-915ae7edacf3' with name 'v++_compile_Kernel1_Square'
Wed Jun 11 22:49:13 2025: STOP_SERVER received, server token: 02541836-c0d7-47ca-a83c-ee76c1cd8f6b, passed token: 02541836-c0d7-47ca-a83c-ee76c1cd8f6b
Wed Jun 11 22:49:13 2025: Socket received request to stop server.
Wed Jun 11 22:49:13 2025: Dispatch Server: do_await_stop
Wed Jun 11 22:49:13 2025: Dispatch Server: stopping mainFifo_
Wed Jun 11 22:49:13 2025: XCD main fifo: Stopping
Wed Jun 11 22:49:13 2025: XCD main fifo: do_read error code: Operation canceled
Wed Jun 11 22:49:13 2025: XCD main fifo: bytes_transferred: 0
Wed Jun 11 22:49:13 2025: SERVER: destructor for server bound to port 38733
Wed Jun 11 22:49:13 2025: XCD main fifo: Good unlink of /tmp/xcdmain02541836-c0d7-47ca-a83c-ee76c1cd8f6b
Wed Jun 11 22:49:13 2025: Server exiting with status 0.
Wed Jun 11 22:49:13 2025: Closing log file.
Wed Jun 11 22:50:03 2025: Running xcd server. This server was built by gradle.
Wed Jun 11 22:50:03 2025: Server was asked to start on port: '41413'
Wed Jun 11 22:50:03 2025: Server is using token UUID: '03c0df15-0325-493b-a432-25491fcadd56'
Wed Jun 11 22:50:03 2025: SESSION_MGR: creating session with session uuid: '6d04a3e9-ade5-4ab9-8d63-1f78fcd2ec76' and name 'default'
Wed Jun 11 22:50:03 2025: Attempting to start server on port '41413'
Wed Jun 11 22:50:03 2025: XCD main fifo: created main fifo '/tmp/xcdmain03c0df15-0325-493b-a432-25491fcadd56', fd read = 13
Wed Jun 11 22:50:03 2025: Running Dispatch Server
Wed Jun 11 22:50:03 2025: Version 2.2.0
Wed Jun 11 22:50:04 2025: Dispatch Server: Accepted socket connection from client
Wed Jun 11 22:50:04 2025: Starting Socket connection
Wed Jun 11 22:50:04 2025: EXCHANGE_TOKEN received, server token: 03c0df15-0325-493b-a432-25491fcadd56, passed token: 03c0df15-0325-493b-a432-25491fcadd56
Wed Jun 11 22:50:05 2025: DISPATCH_HANDLER: Adding handler from function makeHandler in library libxv_system_diagram
Wed Jun 11 22:50:05 2025: SESSION_MGR: creating session with session uuid: 'b2a4c5d8-7963-48b3-9b53-178d1f745298' and name 'v++_compile_Kernel1_Square'
Wed Jun 11 22:50:05 2025: KERNEL_SVC: creating session with uuid: 'b2a4c5d8-7963-48b3-9b53-178d1f745298' and name 'v++_compile_Kernel1_Square'
Wed Jun 11 22:50:05 2025: GUIDANCE_SMGR: creating guidance session with uuid: 'b2a4c5d8-7963-48b3-9b53-178d1f745298' and name 'v++_compile_Kernel1_Square'
Wed Jun 11 22:50:05 2025: SYSTEM_DIAGRAM: creating session with uuid: 'b2a4c5d8-7963-48b3-9b53-178d1f745298' and name 'v++_compile_Kernel1_Square'
Wed Jun 11 22:50:10 2025: Dispatch Server: Accepted socket connection from client
Wed Jun 11 22:50:10 2025: Starting Socket connection
Wed Jun 11 22:50:19 2025: SESSION_MGR: closing session for UUID 'b2a4c5d8-7963-48b3-9b53-178d1f745298' with name 'v++_compile_Kernel1_Square'
Wed Jun 11 22:50:19 2025: KERNEL_SVC: closing session for UUID 'b2a4c5d8-7963-48b3-9b53-178d1f745298' with name 'v++_compile_Kernel1_Square'
Wed Jun 11 22:50:19 2025: GUIDANCE_SMGR: closing session for UUID 'b2a4c5d8-7963-48b3-9b53-178d1f745298' with name 'v++_compile_Kernel1_Square'
Wed Jun 11 22:50:19 2025: SYSTEM_DIAGRAM: closing session for UUID 'b2a4c5d8-7963-48b3-9b53-178d1f745298' with name 'v++_compile_Kernel1_Square'
Wed Jun 11 22:50:19 2025: STOP_SERVER received, server token: 03c0df15-0325-493b-a432-25491fcadd56, passed token: 03c0df15-0325-493b-a432-25491fcadd56
Wed Jun 11 22:50:19 2025: Socket received request to stop server.
Wed Jun 11 22:50:19 2025: Dispatch Server: do_await_stop
Wed Jun 11 22:50:19 2025: Dispatch Server: stopping mainFifo_
Wed Jun 11 22:50:19 2025: XCD main fifo: Stopping
Wed Jun 11 22:50:19 2025: XCD main fifo: do_read error code: Operation canceled
Wed Jun 11 22:50:19 2025: XCD main fifo: bytes_transferred: 0
Wed Jun 11 22:50:19 2025: SERVER: destructor for server bound to port 41413
Wed Jun 11 22:50:19 2025: XCD main fifo: Good unlink of /tmp/xcdmain03c0df15-0325-493b-a432-25491fcadd56
Wed Jun 11 22:50:19 2025: Server exiting with status 0.
Wed Jun 11 22:50:19 2025: Closing log file.
Wed Jun 11 22:51:34 2025: Running xcd server. This server was built by gradle.
Wed Jun 11 22:51:34 2025: Server was asked to start on port: '36367'
Wed Jun 11 22:51:34 2025: Server is using token UUID: '9ac3b60d-df15-4faa-b93c-dd61d9c27b0b'
Wed Jun 11 22:51:34 2025: SESSION_MGR: creating session with session uuid: '6d04a3e9-ade5-4ab9-8d63-1f78fcd2ec76' and name 'default'
Wed Jun 11 22:51:34 2025: Attempting to start server on port '36367'
Wed Jun 11 22:51:34 2025: XCD main fifo: created main fifo '/tmp/xcdmain9ac3b60d-df15-4faa-b93c-dd61d9c27b0b', fd read = 13
Wed Jun 11 22:51:34 2025: Running Dispatch Server
Wed Jun 11 22:51:34 2025: Version 2.2.0
Wed Jun 11 22:51:35 2025: Dispatch Server: Accepted socket connection from client
Wed Jun 11 22:51:35 2025: Starting Socket connection
Wed Jun 11 22:51:35 2025: EXCHANGE_TOKEN received, server token: 9ac3b60d-df15-4faa-b93c-dd61d9c27b0b, passed token: 9ac3b60d-df15-4faa-b93c-dd61d9c27b0b
Wed Jun 11 22:51:35 2025: DISPATCH_HANDLER: Adding handler from function makeHandler in library libxv_system_diagram
Wed Jun 11 22:51:35 2025: SESSION_MGR: creating session with session uuid: 'ee1c406f-6391-49d2-a05f-e93cbdb77cd0' and name 'v++_compile_Kernel1_Square'
Wed Jun 11 22:51:35 2025: KERNEL_SVC: creating session with uuid: 'ee1c406f-6391-49d2-a05f-e93cbdb77cd0' and name 'v++_compile_Kernel1_Square'
Wed Jun 11 22:51:35 2025: GUIDANCE_SMGR: creating guidance session with uuid: 'ee1c406f-6391-49d2-a05f-e93cbdb77cd0' and name 'v++_compile_Kernel1_Square'
Wed Jun 11 22:51:35 2025: SYSTEM_DIAGRAM: creating session with uuid: 'ee1c406f-6391-49d2-a05f-e93cbdb77cd0' and name 'v++_compile_Kernel1_Square'
Wed Jun 11 22:51:41 2025: Dispatch Server: Accepted socket connection from client
Wed Jun 11 22:51:41 2025: Starting Socket connection
Wed Jun 11 22:51:50 2025: SESSION_MGR: closing session for UUID 'ee1c406f-6391-49d2-a05f-e93cbdb77cd0' with name 'v++_compile_Kernel1_Square'
Wed Jun 11 22:51:50 2025: KERNEL_SVC: closing session for UUID 'ee1c406f-6391-49d2-a05f-e93cbdb77cd0' with name 'v++_compile_Kernel1_Square'
Wed Jun 11 22:51:50 2025: GUIDANCE_SMGR: closing session for UUID 'ee1c406f-6391-49d2-a05f-e93cbdb77cd0' with name 'v++_compile_Kernel1_Square'
Wed Jun 11 22:51:50 2025: SYSTEM_DIAGRAM: closing session for UUID 'ee1c406f-6391-49d2-a05f-e93cbdb77cd0' with name 'v++_compile_Kernel1_Square'
Wed Jun 11 22:51:50 2025: STOP_SERVER received, server token: 9ac3b60d-df15-4faa-b93c-dd61d9c27b0b, passed token: 9ac3b60d-df15-4faa-b93c-dd61d9c27b0b
Wed Jun 11 22:51:50 2025: Socket received request to stop server.
Wed Jun 11 22:51:50 2025: Dispatch Server: do_await_stop
Wed Jun 11 22:51:50 2025: Dispatch Server: stopping mainFifo_
Wed Jun 11 22:51:50 2025: XCD main fifo: Stopping
Wed Jun 11 22:51:50 2025: XCD main fifo: do_read error code: Operation canceled
Wed Jun 11 22:51:50 2025: XCD main fifo: bytes_transferred: 0
Wed Jun 11 22:51:50 2025: SERVER: destructor for server bound to port 36367
Wed Jun 11 22:51:50 2025: XCD main fifo: Good unlink of /tmp/xcdmain9ac3b60d-df15-4faa-b93c-dd61d9c27b0b
Wed Jun 11 22:51:50 2025: Server exiting with status 0.
Wed Jun 11 22:51:50 2025: Closing log file.
