INFO-FLOW: Workspace /media/diskDrive/ahead/ahead_user13/AHEAD/Project/Kernel1_Square/Kernel1_Square/hls opened at Wed Jun 11 22:51:39 CEST 2025
Execute     send_msg_by_id INFO @200-1505@%s%s default  vivado 
INFO: [HLS 200-1505] Using default flow_target 'vivado'
Execute   apply_ini /media/diskDrive/ahead/ahead_user13/AHEAD/Project/Kernel1_Square/hls_config_K1Square.cfg 
Execute     send_msg_by_id INFO @200-1465@%s 'syn.file=/media/diskDrive/ahead/ahead_user13/AHEAD/Project/Kernel1_Square/Kernel1Square.cpp' from /media/diskDrive/ahead/ahead_user13/AHEAD/Project/Kernel1_Square/hls_config_K1Square.cfg(10) 
INFO: [HLS 200-1465] Applying ini 'syn.file=/media/diskDrive/ahead/ahead_user13/AHEAD/Project/Kernel1_Square/Kernel1Square.cpp' from /media/diskDrive/ahead/ahead_user13/AHEAD/Project/Kernel1_Square/hls_config_K1Square.cfg(10)
Execute     add_files /media/diskDrive/ahead/ahead_user13/AHEAD/Project/Kernel1_Square/Kernel1Square.cpp 
INFO: [HLS 200-10] Adding design file '/media/diskDrive/ahead/ahead_user13/AHEAD/Project/Kernel1_Square/Kernel1Square.cpp' to the project
Execute     send_msg_by_id INFO @200-1465@%s 'tb.file=Kernel1Square_test.cpp' from /media/diskDrive/ahead/ahead_user13/AHEAD/Project/Kernel1_Square/hls_config_K1Square.cfg(9) 
INFO: [HLS 200-1465] Applying ini 'tb.file=Kernel1Square_test.cpp' from /media/diskDrive/ahead/ahead_user13/AHEAD/Project/Kernel1_Square/hls_config_K1Square.cfg(9)
Execute     add_files -tb /media/diskDrive/ahead/ahead_user13/AHEAD/Project/Kernel1_Square/Kernel1Square_test.cpp 
INFO: [HLS 200-10] Adding test bench file '/media/diskDrive/ahead/ahead_user13/AHEAD/Project/Kernel1_Square/Kernel1Square_test.cpp' to the project
Execute     send_msg_by_id INFO @200-1465@%s 'syn.top=Kernel1_Square' from /media/diskDrive/ahead/ahead_user13/AHEAD/Project/Kernel1_Square/hls_config_K1Square.cfg(8) 
INFO: [HLS 200-1465] Applying ini 'syn.top=Kernel1_Square' from /media/diskDrive/ahead/ahead_user13/AHEAD/Project/Kernel1_Square/hls_config_K1Square.cfg(8)
Execute     set_top Kernel1_Square 
Execute     send_msg_by_id INFO @200-1465@%s 'flow_target=vivado' from /media/diskDrive/ahead/ahead_user13/AHEAD/Project/Kernel1_Square/hls_config_K1Square.cfg(4) 
INFO: [HLS 200-1465] Applying ini 'flow_target=vivado' from /media/diskDrive/ahead/ahead_user13/AHEAD/Project/Kernel1_Square/hls_config_K1Square.cfg(4)
Execute     send_msg_by_id INFO @200-1505@%s%s  vivado 
INFO: [HLS 200-1505] Using flow_target 'vivado'
Execute     send_msg_by_id INFO @200-1465@%s 'part=xcu250-figd2104-2L-e' from /media/diskDrive/ahead/ahead_user13/AHEAD/Project/Kernel1_Square/hls_config_K1Square.cfg(1) 
INFO: [HLS 200-1465] Applying ini 'part=xcu250-figd2104-2L-e' from /media/diskDrive/ahead/ahead_user13/AHEAD/Project/Kernel1_Square/hls_config_K1Square.cfg(1)
Execute     set_part xcu250-figd2104-2L-e 
Execute       create_platform xcu250-figd2104-2L-e -board  
DBG:HLSDevice: Trying to load device library: /media/slowSSD/Xilinx_2024.1/Vitis_HLS/2024.1/lib/lnx64.o/libxv_hlsvwrap.so
DBG:HLSDevice: first parts/arch.xml in RDI_DATADIR: /media/slowSSD/Xilinx_2024.1/Vivado/2024.1/data/parts/arch.xml
DBG:HLSDevice: init success
INFO: [HLS 200-1611] Setting target device to 'xcu250-figd2104-2L-e'
Command       create_platform done; 1.24 sec.
Execute       source /media/slowSSD/Xilinx_2024.1/Vitis_HLS/2024.1/common/technology/xilinx/common/xilinx.gen 
Execute         source /media/slowSSD/Xilinx_2024.1/Vitis_HLS/2024.1/common/technology/xilinx/interface/plb46.gen 
Execute         source /media/slowSSD/Xilinx_2024.1/Vitis_HLS/2024.1/common/technology/xilinx/interface/axi4.gen 
Execute         source /media/slowSSD/Xilinx_2024.1/Vitis_HLS/2024.1/common/technology/xilinx/interface/nativeAXI4.gen 
Execute           source /media/slowSSD/Xilinx_2024.1/Vitis_HLS/2024.1/common/technology/xilinx/interface/saxilite.gen 
Execute         source /media/slowSSD/Xilinx_2024.1/Vitis_HLS/2024.1/common/technology/xilinx/scripts/xilinxcoregen.gen 
Execute         source /media/slowSSD/Xilinx_2024.1/Vitis_HLS/2024.1/common/technology/xilinx/interface/XilEDKCoreGen.gen 
Execute         source /media/slowSSD/Xilinx_2024.1/Vitis_HLS/2024.1/common/technology/xilinx/ip/xfft.gen 
Execute         source /media/slowSSD/Xilinx_2024.1/Vitis_HLS/2024.1/common/technology/xilinx/ip/util.gen 
Execute         source /media/slowSSD/Xilinx_2024.1/Vitis_HLS/2024.1/common/technology/xilinx/ip/xfir.gen 
Execute         source /media/slowSSD/Xilinx_2024.1/Vitis_HLS/2024.1/common/technology/xilinx/ip/dds_compiler.gen 
Execute         source /media/slowSSD/Xilinx_2024.1/Vitis_HLS/2024.1/common/technology/xilinx/DSP48/dsp48.gen 
Execute       ap_part_info -name xcu250-figd2104-2L-e -data info 
Execute       config_compile -quiet -complex-mul-dsp=0 
Command     set_part done; 1.36 sec.
Execute     send_msg_by_id INFO @200-1465@%s 'clock=10ns' from /media/diskDrive/ahead/ahead_user13/AHEAD/Project/Kernel1_Square/hls_config_K1Square.cfg(7) 
INFO: [HLS 200-1465] Applying ini 'clock=10ns' from /media/diskDrive/ahead/ahead_user13/AHEAD/Project/Kernel1_Square/hls_config_K1Square.cfg(7)
Execute     create_clock -period 10ns 
Execute       ap_set_clock -name default -period 10 -unit ns -default=false 
INFO: [SYN 201-201] Setting up clock 'default' with a period of 10ns.
Execute     send_msg_by_id INFO @200-1465@%s 'package.output.format=ip_catalog' from /media/diskDrive/ahead/ahead_user13/AHEAD/Project/Kernel1_Square/hls_config_K1Square.cfg(5) 
INFO: [HLS 200-1465] Applying ini 'package.output.format=ip_catalog' from /media/diskDrive/ahead/ahead_user13/AHEAD/Project/Kernel1_Square/hls_config_K1Square.cfg(5)
Execute     config_export -format=ip_catalog 
Command   apply_ini done; 1.39 sec.
Execute   apply_ini /media/diskDrive/ahead/ahead_user13/AHEAD/Project/Kernel1_Square/Kernel1_Square/hls/config.cmdline 
Execute   csynth_design 
Execute     AP::app_get_file_relativeroot [AP::app_get_root] {}
Execute     AP::app_get_file_relativeroot [AP::app_get_root] {}
Execute     AP::app_get_file_relativeroot [AP::app_get_root] {}
INFO-FLOW: Running SLX 'csynth' proc: ::SLX::run_csynth
Execute     elaborate -effort=medium -skip_syncheck=0 -keep_printf=0 -skip_cdt=0 -skip_transform=0 -ng=0 -g=0 -opt_fp=0 -from_csynth_design=1 
INFO: [HLS 200-111] Finished File checks and directory preparation: CPU user time: 3.68 seconds. CPU system time: 0.33 seconds. Elapsed time: 3.82 seconds; current allocated memory: 337.004 MB.
Execute       set_directive_top Kernel1_Square -name=Kernel1_Square 
Execute       source /media/slowSSD/Xilinx_2024.1/Vitis_HLS/2024.1/tps/tcl/tcllib1.11.1/yaml/huddle.tcl 
Execute       source /media/slowSSD/Xilinx_2024.1/Vitis_HLS/2024.1/tps/tcl/tcllib1.11.1/yaml/json2huddle.tcl 
INFO: [HLS 200-10] Analyzing design file 'Kernel1Square.cpp' ... 
INFO-FLOW: Compiling one TU...
INFO-FLOW: Handling Kernel1Square.cpp as C++
Execute       ap_part_info -name xcu250-figd2104-2L-e -data info 
INFO-FLOW: Running: GCC PP 39
INFO-FLOW: Source preprocessing
INFO-FLOW: run_clang exec: /media/slowSSD/Xilinx_2024.1/Vitis_HLS/2024.1/lnx64/tools/clang-3.9-csynth/bin/clang Kernel1Square.cpp -foptimization-record-file=/media/diskDrive/ahead/ahead_user13/AHEAD/Project/Kernel1_Square/Kernel1_Square/hls/.autopilot/db/Kernel1Square.cpp.clang.diag.yml -mllvm -pass-remarks-missed=reflow|pasta|unroll -mllvm -pass-remarks=reflow|pasta|unroll|inline -fno-limit-debug-info -gcc-toolchain /media/slowSSD/Xilinx_2024.1/Vitis_HLS/2024.1/tps/lnx64/gcc-8.3.0 -fhls -fno-exceptions -insert-hls-directive=/media/diskDrive/ahead/ahead_user13/AHEAD/Project/Kernel1_Square/Kernel1_Square/hls/.autopilot/db/all.directive.json -E -fno-math-errno -c -emit-llvm -mllvm -disable-llvm-optzns -Werror=implicit-function-declaration -Werror=implicit-hls-streams -Werror=return-type -Wpragmas -Wunused-parameter -Wdump-hls-pragmas -Wno-error=dump-hls-pragmas -hls-clock-period=10 -fno-threadsafe-statics -fno-use-cxa-atexit -std=gnu++14 -target fpga64-xilinx-linux-gnu -fno-threadsafe-statics -fno-use-cxa-atexit -D__VITIS_HLS__ -DAESL_SYN -D__SYNTHESIS__ -D__HLS_SYN__ -I /media/slowSSD/Xilinx_2024.1/Vitis_HLS/2024.1/common/technology/autopilot -I /media/slowSSD/Xilinx_2024.1/Vitis_HLS/2024.1/common/technology/autopilot/ap_sysc -include etc/autopilot_ssdm_op.h -D__DSP48E2__ -I /usr/include/x86_64-linux-gnu -o /media/diskDrive/ahead/ahead_user13/AHEAD/Project/Kernel1_Square/Kernel1_Square/hls/.autopilot/db/Kernel1Square.pp.0.cpp -hls-platform-db-name=/media/slowSSD/Xilinx_2024.1/Vitis_HLS/2024.1/common/technology/xilinx/common/platform.db -hls-platform-name=virtexuplus_medium -device-resource-info=BRAM_5376.000000_DSP_12288.000000_FF_3456000.000000_LUT_1728000.000000_SLICE_216000.000000_SLR_4.000000_URAM_1280.000000 -device-name-info=xcu250-figd2104-2L-e > /media/diskDrive/ahead/ahead_user13/AHEAD/Project/Kernel1_Square/Kernel1_Square/hls/.autopilot/db/Kernel1Square.cpp.clang.out.log 2> /media/diskDrive/ahead/ahead_user13/AHEAD/Project/Kernel1_Square/Kernel1_Square/hls/.autopilot/db/Kernel1Square.cpp.clang.err.log
INFO-FLOW: Done: GCC PP 39 time: 0.2 seconds per iteration
INFO-FLOW: Source syntax check for synthesis
INFO-FLOW: run_clang exec: /media/slowSSD/Xilinx_2024.1/Vitis_HLS/2024.1/lnx64/tools/clang-3.9-csynth/bin/clang -foptimization-record-file=/media/diskDrive/ahead/ahead_user13/AHEAD/Project/Kernel1_Square/Kernel1_Square/hls/.autopilot/db/clang.diag.yml -mllvm -pass-remarks-missed=reflow|pasta|unroll -mllvm -pass-remarks=reflow|pasta|unroll|inline -fsyntax-only -fhls -target fpga64-xilinx-linux-gnu /media/diskDrive/ahead/ahead_user13/AHEAD/Project/Kernel1_Square/Kernel1_Square/hls/.autopilot/db/Kernel1Square.pp.0.cpp -hls-platform-db-name=/media/slowSSD/Xilinx_2024.1/Vitis_HLS/2024.1/common/technology/xilinx/common/platform.db -hls-platform-name=virtexuplus_medium -device-resource-info=BRAM_5376.000000_DSP_12288.000000_FF_3456000.000000_LUT_1728000.000000_SLICE_216000.000000_SLR_4.000000_URAM_1280.000000 -device-name-info=xcu250-figd2104-2L-e > /media/diskDrive/ahead/ahead_user13/AHEAD/Project/Kernel1_Square/Kernel1_Square/hls/.autopilot/db/clang.out.log 2> /media/diskDrive/ahead/ahead_user13/AHEAD/Project/Kernel1_Square/Kernel1_Square/hls/.autopilot/db/clang.err.log
Execute       clang_tidy xilinx-systemc-detector -desc systemc-detector /media/diskDrive/ahead/ahead_user13/AHEAD/Project/Kernel1_Square/Kernel1_Square/hls/.autopilot/db/Kernel1Square.pp.0.cpp std=gnu++14 -target fpga  -directive=/media/diskDrive/ahead/ahead_user13/AHEAD/Project/Kernel1_Square/Kernel1_Square/hls/.autopilot/db/.systemc_flag 
INFO-FLOW: exec /media/slowSSD/Xilinx_2024.1/Vitis_HLS/2024.1/lnx64/tools/clang-3.9-csynth/bin/clang-tidy -header-filter=.* --checks=-*,xilinx-systemc-detector -import-directive=/media/diskDrive/ahead/ahead_user13/AHEAD/Project/Kernel1_Square/Kernel1_Square/hls/.autopilot/db/.systemc_flag -fix-errors /media/diskDrive/ahead/ahead_user13/AHEAD/Project/Kernel1_Square/Kernel1_Square/hls/.autopilot/db/Kernel1Square.pp.0.cpp -- -std=gnu++14 -target fpga -fhls -ferror-limit=0
INFO-FLOW: Running: clang-tidy CDT preprocess 39
Execute       clang_tidy xilinx-directive2pragma -desc directive2pragma /media/diskDrive/ahead/ahead_user13/AHEAD/Project/Kernel1_Square/Kernel1_Square/hls/.autopilot/db/Kernel1Square.pp.0.cpp std=gnu++14 -target fpga  -directive=/media/diskDrive/ahead/ahead_user13/AHEAD/Project/Kernel1_Square/Kernel1_Square/hls/.autopilot/db/all.directive.json 
INFO-FLOW: exec /media/slowSSD/Xilinx_2024.1/Vitis_HLS/2024.1/lnx64/tools/clang-3.9-csynth/bin/clang-tidy -header-filter=.* --checks=-*,xilinx-directive2pragma -import-directive=/media/diskDrive/ahead/ahead_user13/AHEAD/Project/Kernel1_Square/Kernel1_Square/hls/.autopilot/db/all.directive.json -fix-errors /media/diskDrive/ahead/ahead_user13/AHEAD/Project/Kernel1_Square/Kernel1_Square/hls/.autopilot/db/Kernel1Square.pp.0.cpp -- -std=gnu++14 -target fpga -fhls -ferror-limit=0
INFO-FLOW: Done: clang-tidy CDT preprocess 39 time: 0 seconds per iteration
INFO-FLOW: Calling xilinx-label-all-loops ... 
INFO-FLOW: Calling xilinx-aggregate-on-hls-vector ... 
Execute       clang_tidy -errorcheck -desc loop-label xilinx-label-all-loops,xilinx-aggregate-on-hls-vector,,xilinx-warn-mayneed-no-ctor-attribute /media/diskDrive/ahead/ahead_user13/AHEAD/Project/Kernel1_Square/Kernel1_Square/hls/.autopilot/db/Kernel1Square.pp.0.cpp std=gnu++14 -target fpga  
INFO-FLOW: run_clang exec: /media/slowSSD/Xilinx_2024.1/Vitis_HLS/2024.1/lnx64/tools/clang-3.9-csynth/bin/clang-tidy -export-fixes=/media/diskDrive/ahead/ahead_user13/AHEAD/Project/Kernel1_Square/Kernel1_Square/hls/.autopilot/db/Kernel1Square.pp.0.cpp.clang-tidy.loop-label.diag.yml -header-filter=.* --checks=-*,xilinx-label-all-loops,xilinx-aggregate-on-hls-vector,,xilinx-warn-mayneed-no-ctor-attribute -fix-errors /media/diskDrive/ahead/ahead_user13/AHEAD/Project/Kernel1_Square/Kernel1_Square/hls/.autopilot/db/Kernel1Square.pp.0.cpp -- -std=gnu++14 -target fpga -fhls -ferror-limit=0 > /media/diskDrive/ahead/ahead_user13/AHEAD/Project/Kernel1_Square/Kernel1_Square/hls/.autopilot/db/Kernel1Square.pp.0.cpp.clang-tidy.loop-label.out.log 2> /media/diskDrive/ahead/ahead_user13/AHEAD/Project/Kernel1_Square/Kernel1_Square/hls/.autopilot/db/Kernel1Square.pp.0.cpp.clang-tidy.loop-label.err.log
Execute         source /media/slowSSD/Xilinx_2024.1/Vitis_HLS/2024.1/tps/tcl/tcllib1.11.1/yaml/yaml.tcl 
INFO-FLOW: run_clang exec: /media/slowSSD/Xilinx_2024.1/Vitis_HLS/2024.1/lnx64/tools/clang-3.9-csynth/bin/xilinx-dataflow-lawyer -export-fixes=/media/diskDrive/ahead/ahead_user13/AHEAD/Project/Kernel1_Square/Kernel1_Square/hls/.autopilot/db/Kernel1Square.pp.0.cpp.xilinx-dataflow-lawyer.diag.yml /media/diskDrive/ahead/ahead_user13/AHEAD/Project/Kernel1_Square/Kernel1_Square/hls/.autopilot/db/Kernel1Square.pp.0.cpp -- -std=gnu++14 -target fpga -fhls -ferror-limit=0 -fstrict-dataflow > /media/diskDrive/ahead/ahead_user13/AHEAD/Project/Kernel1_Square/Kernel1_Square/hls/.autopilot/db/Kernel1Square.pp.0.cpp.xilinx-dataflow-lawyer.out.log 2> /media/diskDrive/ahead/ahead_user13/AHEAD/Project/Kernel1_Square/Kernel1_Square/hls/.autopilot/db/Kernel1Square.pp.0.cpp.xilinx-dataflow-lawyer.err.log
Execute       ap_part_info -name xcu250-figd2104-2L-e -data info 
INFO-FLOW: compiling source code to llvm bc
INFO-FLOW: run_clang exec: /media/slowSSD/Xilinx_2024.1/Vitis_HLS/2024.1/lnx64/tools/clang-3.9-csynth/bin/clang -foptimization-record-file=/media/diskDrive/ahead/ahead_user13/AHEAD/Project/Kernel1_Square/Kernel1_Square/hls/.autopilot/db/Kernel1Square.pp.0.cpp.clang.diag.yml -mllvm -pass-remarks-missed=reflow|pasta|unroll -mllvm -pass-remarks=reflow|pasta|unroll|inline -fno-limit-debug-info -fhls -flto -fno-exceptions -Wno-error=c++11-narrowing -hls-emit-hint-scope /media/diskDrive/ahead/ahead_user13/AHEAD/Project/Kernel1_Square/Kernel1_Square/hls/.autopilot/db/Kernel1Square.pp.0.cpp -fno-math-errno -c -emit-llvm -mllvm -disable-llvm-optzns -Werror=implicit-function-declaration -Werror=implicit-hls-streams -Werror=return-type -Wpragmas -Wunused-parameter -Wdump-hls-pragmas -Wno-error=dump-hls-pragmas -hls-clock-period=10 -fno-threadsafe-statics -fno-use-cxa-atexit -std=gnu++14 -target fpga64-xilinx-linux-gnu -D__VITIS_HLS__ -DAESL_SYN -D__SYNTHESIS__ -D__HLS_SYN__ -I /media/slowSSD/Xilinx_2024.1/Vitis_HLS/2024.1/common/technology/autopilot -I /media/slowSSD/Xilinx_2024.1/Vitis_HLS/2024.1/common/technology/autopilot/ap_sysc -include etc/autopilot_ssdm_op.h -D__DSP48E2__ -g -o /media/diskDrive/ahead/ahead_user13/AHEAD/Project/Kernel1_Square/Kernel1_Square/hls/.autopilot/db/Kernel1Square.bc -hls-platform-db-name=/media/slowSSD/Xilinx_2024.1/Vitis_HLS/2024.1/common/technology/xilinx/common/platform.db -hls-platform-name=virtexuplus_medium -device-resource-info=BRAM_5376.000000_DSP_12288.000000_FF_3456000.000000_LUT_1728000.000000_SLICE_216000.000000_SLR_4.000000_URAM_1280.000000 -device-name-info=xcu250-figd2104-2L-e > /media/diskDrive/ahead/ahead_user13/AHEAD/Project/Kernel1_Square/Kernel1_Square/hls/.autopilot/db/Kernel1Square.pp.0.cpp.clang.out.log 2> /media/diskDrive/ahead/ahead_user13/AHEAD/Project/Kernel1_Square/Kernel1_Square/hls/.autopilot/db/Kernel1Square.pp.0.cpp.clang.err.log
INFO: [HLS 200-111] Finished Source Code Analysis and Preprocessing: CPU user time: 0.42 seconds. CPU system time: 0.37 seconds. Elapsed time: 0.77 seconds; current allocated memory: 338.926 MB.
INFO-FLOW: Linking Debug ...
INFO-FLOW: Linking dut bc code.
Execute       run_link_or_opt -out /media/diskDrive/ahead/ahead_user13/AHEAD/Project/Kernel1_Square/Kernel1_Square/hls/.autopilot/db/a.g.ld.0.bc -args  "/media/diskDrive/ahead/ahead_user13/AHEAD/Project/Kernel1_Square/Kernel1_Square/hls/.autopilot/db/Kernel1Square.g.bc"  
INFO-FLOW: run_clang exec: /media/slowSSD/Xilinx_2024.1/Vitis_HLS/2024.1/lnx64/tools/clang-3.9-csynth/bin/llvm-link /media/diskDrive/ahead/ahead_user13/AHEAD/Project/Kernel1_Square/Kernel1_Square/hls/.autopilot/db/Kernel1Square.g.bc -o /media/diskDrive/ahead/ahead_user13/AHEAD/Project/Kernel1_Square/Kernel1_Square/hls/.autopilot/db/a.g.ld.0.bc > /media/diskDrive/ahead/ahead_user13/AHEAD/Project/Kernel1_Square/Kernel1_Square/hls/.autopilot/db/a.g.ld.0.bc.llvm-link.out.log 2> /media/diskDrive/ahead/ahead_user13/AHEAD/Project/Kernel1_Square/Kernel1_Square/hls/.autopilot/db/a.g.ld.0.bc.llvm-link.err.log
INFO-FLOW: 
Execute       run_link_or_opt -opt -out /media/diskDrive/ahead/ahead_user13/AHEAD/Project/Kernel1_Square/Kernel1_Square/hls/.autopilot/db/a.g.ld.1.lower.bc -args /media/diskDrive/ahead/ahead_user13/AHEAD/Project/Kernel1_Square/Kernel1_Square/hls/.autopilot/db/a.g.ld.0.bc -reflow-lower-math-intrinsics 
INFO-FLOW: run_clang exec: /media/slowSSD/Xilinx_2024.1/Vitis_HLS/2024.1/lnx64/tools/clang-3.9-csynth/bin/opt -pass-remarks-missed=reflow|pasta|unroll -pass-remarks=reflow|pasta|unroll|inline -pass-remarks-output=/media/diskDrive/ahead/ahead_user13/AHEAD/Project/Kernel1_Square/Kernel1_Square/hls/.autopilot/db/a.g.ld.1.lower.bc.opt.diag.yml /media/diskDrive/ahead/ahead_user13/AHEAD/Project/Kernel1_Square/Kernel1_Square/hls/.autopilot/db/a.g.ld.0.bc -reflow-lower-math-intrinsics -o /media/diskDrive/ahead/ahead_user13/AHEAD/Project/Kernel1_Square/Kernel1_Square/hls/.autopilot/db/a.g.ld.1.lower.bc > /media/diskDrive/ahead/ahead_user13/AHEAD/Project/Kernel1_Square/Kernel1_Square/hls/.autopilot/db/a.g.ld.1.lower.bc.opt.out.log 2> /media/diskDrive/ahead/ahead_user13/AHEAD/Project/Kernel1_Square/Kernel1_Square/hls/.autopilot/db/a.g.ld.1.lower.bc.opt.err.log
INFO-FLOW: 
INFO-FLOW: Running: gen_design_size_report post-opt
INFO-FLOW: Done: gen_design_size_report post-opt time: 0 seconds per iteration
INFO-FLOW: Linking math bc lib
Execute       run_link_or_opt -out /media/diskDrive/ahead/ahead_user13/AHEAD/Project/Kernel1_Square/Kernel1_Square/hls/.autopilot/db/a.g.ld.2.m1.bc -args /media/diskDrive/ahead/ahead_user13/AHEAD/Project/Kernel1_Square/Kernel1_Square/hls/.autopilot/db/a.g.ld.1.lower.bc -only-needed /media/slowSSD/Xilinx_2024.1/Vitis_HLS/2024.1/lnx64/lib/libhlsm_39.bc /media/slowSSD/Xilinx_2024.1/Vitis_HLS/2024.1/lnx64/lib/libhlsmc++_39.bc 
INFO-FLOW: run_clang exec: /media/slowSSD/Xilinx_2024.1/Vitis_HLS/2024.1/lnx64/tools/clang-3.9-csynth/bin/llvm-link /media/diskDrive/ahead/ahead_user13/AHEAD/Project/Kernel1_Square/Kernel1_Square/hls/.autopilot/db/a.g.ld.1.lower.bc -only-needed /media/slowSSD/Xilinx_2024.1/Vitis_HLS/2024.1/lnx64/lib/libhlsm_39.bc /media/slowSSD/Xilinx_2024.1/Vitis_HLS/2024.1/lnx64/lib/libhlsmc++_39.bc -o /media/diskDrive/ahead/ahead_user13/AHEAD/Project/Kernel1_Square/Kernel1_Square/hls/.autopilot/db/a.g.ld.2.m1.bc > /media/diskDrive/ahead/ahead_user13/AHEAD/Project/Kernel1_Square/Kernel1_Square/hls/.autopilot/db/a.g.ld.2.m1.bc.llvm-link.out.log 2> /media/diskDrive/ahead/ahead_user13/AHEAD/Project/Kernel1_Square/Kernel1_Square/hls/.autopilot/db/a.g.ld.2.m1.bc.llvm-link.err.log
INFO-FLOW: 
Command       run_link_or_opt done; 1.71 sec.
Execute       run_link_or_opt -opt -out /media/diskDrive/ahead/ahead_user13/AHEAD/Project/Kernel1_Square/Kernel1_Square/hls/.autopilot/db/a.g.ld.3.fpc.bc -args /media/diskDrive/ahead/ahead_user13/AHEAD/Project/Kernel1_Square/Kernel1_Square/hls/.autopilot/db/a.g.ld.2.m1.bc -reflow-globaldce -hls-top-function-name=Kernel1_Square -reflow-float-conversion 
INFO-FLOW: run_clang exec: /media/slowSSD/Xilinx_2024.1/Vitis_HLS/2024.1/lnx64/tools/clang-3.9-csynth/bin/opt -pass-remarks-missed=reflow|pasta|unroll -pass-remarks=reflow|pasta|unroll|inline -pass-remarks-output=/media/diskDrive/ahead/ahead_user13/AHEAD/Project/Kernel1_Square/Kernel1_Square/hls/.autopilot/db/a.g.ld.3.fpc.bc.opt.diag.yml /media/diskDrive/ahead/ahead_user13/AHEAD/Project/Kernel1_Square/Kernel1_Square/hls/.autopilot/db/a.g.ld.2.m1.bc -reflow-globaldce -hls-top-function-name=Kernel1_Square -reflow-float-conversion -o /media/diskDrive/ahead/ahead_user13/AHEAD/Project/Kernel1_Square/Kernel1_Square/hls/.autopilot/db/a.g.ld.3.fpc.bc > /media/diskDrive/ahead/ahead_user13/AHEAD/Project/Kernel1_Square/Kernel1_Square/hls/.autopilot/db/a.g.ld.3.fpc.bc.opt.out.log 2> /media/diskDrive/ahead/ahead_user13/AHEAD/Project/Kernel1_Square/Kernel1_Square/hls/.autopilot/db/a.g.ld.3.fpc.bc.opt.err.log
INFO-FLOW: 
INFO-FLOW: Running: gen_design_size_report post-opt
INFO-FLOW: Done: gen_design_size_report post-opt time: 0 seconds per iteration
Command       run_link_or_opt done; 0.66 sec.
Execute       run_link_or_opt -out /media/diskDrive/ahead/ahead_user13/AHEAD/Project/Kernel1_Square/Kernel1_Square/hls/.autopilot/db/a.g.ld.4.m2.bc -args /media/diskDrive/ahead/ahead_user13/AHEAD/Project/Kernel1_Square/Kernel1_Square/hls/.autopilot/db/a.g.ld.3.fpc.bc -only-needed /media/slowSSD/Xilinx_2024.1/Vitis_HLS/2024.1/lnx64/lib/libfloatconversion_39.bc 
INFO-FLOW: run_clang exec: /media/slowSSD/Xilinx_2024.1/Vitis_HLS/2024.1/lnx64/tools/clang-3.9-csynth/bin/llvm-link /media/diskDrive/ahead/ahead_user13/AHEAD/Project/Kernel1_Square/Kernel1_Square/hls/.autopilot/db/a.g.ld.3.fpc.bc -only-needed /media/slowSSD/Xilinx_2024.1/Vitis_HLS/2024.1/lnx64/lib/libfloatconversion_39.bc -o /media/diskDrive/ahead/ahead_user13/AHEAD/Project/Kernel1_Square/Kernel1_Square/hls/.autopilot/db/a.g.ld.4.m2.bc > /media/diskDrive/ahead/ahead_user13/AHEAD/Project/Kernel1_Square/Kernel1_Square/hls/.autopilot/db/a.g.ld.4.m2.bc.llvm-link.out.log 2> /media/diskDrive/ahead/ahead_user13/AHEAD/Project/Kernel1_Square/Kernel1_Square/hls/.autopilot/db/a.g.ld.4.m2.bc.llvm-link.err.log
INFO-FLOW: 
Execute       run_link_or_opt -opt -out /media/diskDrive/ahead/ahead_user13/AHEAD/Project/Kernel1_Square/Kernel1_Square/hls/.autopilot/db/a.g.ld.5.gdce.bc -args /media/diskDrive/ahead/ahead_user13/AHEAD/Project/Kernel1_Square/Kernel1_Square/hls/.autopilot/db/a.g.ld.4.m2.bc -reflow-globaldce -hls-top-function-name=Kernel1_Square 
INFO-FLOW: run_clang exec: /media/slowSSD/Xilinx_2024.1/Vitis_HLS/2024.1/lnx64/tools/clang-3.9-csynth/bin/opt -pass-remarks-missed=reflow|pasta|unroll -pass-remarks=reflow|pasta|unroll|inline -pass-remarks-output=/media/diskDrive/ahead/ahead_user13/AHEAD/Project/Kernel1_Square/Kernel1_Square/hls/.autopilot/db/a.g.ld.5.gdce.bc.opt.diag.yml /media/diskDrive/ahead/ahead_user13/AHEAD/Project/Kernel1_Square/Kernel1_Square/hls/.autopilot/db/a.g.ld.4.m2.bc -reflow-globaldce -hls-top-function-name=Kernel1_Square -o /media/diskDrive/ahead/ahead_user13/AHEAD/Project/Kernel1_Square/Kernel1_Square/hls/.autopilot/db/a.g.ld.5.gdce.bc > /media/diskDrive/ahead/ahead_user13/AHEAD/Project/Kernel1_Square/Kernel1_Square/hls/.autopilot/db/a.g.ld.5.gdce.bc.opt.out.log 2> /media/diskDrive/ahead/ahead_user13/AHEAD/Project/Kernel1_Square/Kernel1_Square/hls/.autopilot/db/a.g.ld.5.gdce.bc.opt.err.log
INFO-FLOW: 
INFO-FLOW: Running: gen_design_size_report post-opt
INFO-FLOW: Done: gen_design_size_report post-opt time: 0 seconds per iteration
Execute       send_msg_by_id INFO @200-777@%s Vivado 
INFO: [HLS 200-777] Using interface defaults for 'Vivado' flow target.
Execute       is_m_axi_addr64 
INFO-FLOW: Doing LTO.
INFO-FLOW: run_clang (background poll_ms 5000) exec: /media/slowSSD/Xilinx_2024.1/Vitis_HLS/2024.1/lnx64/tools/clang-3.9-csynth/bin/clang -foptimization-record-file=/media/diskDrive/ahead/ahead_user13/AHEAD/Project/Kernel1_Square/Kernel1_Square/hls/.autopilot/db/a.g.ld.0.bc.clang.reflow.diag.yml -mllvm -pass-remarks-missed=reflow|pasta|unroll -mllvm -pass-remarks=reflow|pasta|unroll|inline -fhls -mllvm -hls-top-function-name=Kernel1_Square -mllvm -hls-db-dir -mllvm /media/diskDrive/ahead/ahead_user13/AHEAD/Project/Kernel1_Square/Kernel1_Square/hls/.autopilot/db -emit-llvm -c -target fpga64-xilinx-none -mllvm -xcl-xmlinfo=/media/diskDrive/ahead/ahead_user13/AHEAD/Project/Kernel1_Square/Kernel1_Square/hls/.autopilot/db/kernel.internal.xml -mllvm -top-io-mapping-info=/media/diskDrive/ahead/ahead_user13/AHEAD/Project/Kernel1_Square/Kernel1_Square/hls/.autopilot/db/top-io-fe.xml -mllvm -hls-bitcode-version=3.1 -mllvm -reflow-enable-slave-interface-default-setting=true -mllvm -gen-kernel-xml=false -mllvm -default-maxi-offset=slave -mllvm -maxi-latency=0 -mllvm -hls-maxi-data-size-in-bits=8 -mllvm -hls-maxi-max-data-size-in-bits=1024 -mllvm -hls-max-widen-size-in-bits=0 -mllvm -xcl-kernel-max-mem-ports=0 -mllvm -maxi-read-trans=16 -mllvm -maxi-write-trans=16 -mllvm -maxi-read-burst-len=16 -mllvm -maxi-write-burst-len=16 -mllvm -reflow-enable-saxi-64bits=0 -mllvm -reflow-basic-block-instr-threshold=200000 -mllvm -reflow-auto-pipeline-threshold=64 -mllvm -reflow-enable-maxi-auto-id-channel=0 -mllvm -enable-fp-thr=0 -mllvm -reflow-bdd-simplify-threshold=1048576 -mllvm -reflow-fanout-threshold=16 -mllvm -reflow-complete-threshold=4 -mllvm -reflow-array-promotion-threshold=64 -mllvm -assume-maxi-align=1 -mllvm -reflow-enable-dataflow-strict-mode-checking=1 -ftime-report -mllvm -time-passes -mllvm -reflow-auto-array-partition-mode=default -mllvm -reflow-enable-auto-small-array-partition=true -mllvm -reflow-enable-auto-array-partition-for-flatten=true -mllvm -reflow-enable-auto-parallel-performance-driven=true -mllvm -reflow-enable-partition-for-automation=true -mllvm -reflow-aggregate-bitwidth-threshold=4096 -mllvm -reflow-reserved-saxilite-registers=0 -mllvm -enable-reflow-auto-loop-pipeline -mllvm -reflow-max-unroll-threshold=409600 -mllvm -auto-unroll-tripcount-threshold=0 -mllvm -reflow-assume-no-address-wrap=true -mllvm -reflow-enable-occurrence-inference=true -mllvm -reflow-emit-hint-scope=true -mllvm -reflow-enable-codegen-with-if=true -mllvm -hls -mllvm -disable-inlined-alloca-merging=true -mllvm -default-clock-period=10 -mllvm -use_read_first_ram_in_loop=1 -mllvm -default-clock-uncertainty=2.7 -x ir /media/diskDrive/ahead/ahead_user13/AHEAD/Project/Kernel1_Square/Kernel1_Square/hls/.autopilot/db/a.g.ld.5.gdce.bc -o /media/diskDrive/ahead/ahead_user13/AHEAD/Project/Kernel1_Square/Kernel1_Square/hls/.autopilot/db/a.g.lto.bc -hls-platform-db-name=/media/slowSSD/Xilinx_2024.1/Vitis_HLS/2024.1/common/technology/xilinx/common/platform.db -hls-platform-name=virtexuplus_medium -device-resource-info=BRAM_5376.000000_DSP_12288.000000_FF_3456000.000000_LUT_1728000.000000_SLICE_216000.000000_SLR_4.000000_URAM_1280.000000 -device-name-info=xcu250-figd2104-2L-e 2> /media/diskDrive/ahead/ahead_user13/AHEAD/Project/Kernel1_Square/Kernel1_Square/hls/.autopilot/db/a.g.ld.0.bc.clang.reflow.err.log bg_poll_cmd: ::AP::poll_clang_39_closed_source
Execute       send_msg_by_id INFO @200-1995@%s%s%s 47 Compile/Link /media/diskDrive/ahead/ahead_user13/AHEAD/Project/Kernel1_Square/Kernel1_Square/hls/syn/report/csynth_design_size.rpt 
INFO: [HLS 200-1995] There were 47 instructions in the design after the 'Compile/Link' phase of compilation. See the Design Size Report for more details: /media/diskDrive/ahead/ahead_user13/AHEAD/Project/Kernel1_Square/Kernel1_Square/hls/syn/report/csynth_design_size.rpt
Execute       send_msg_by_id INFO @200-1995@%s%s%s 13 Unroll/Inline (step 1) /media/diskDrive/ahead/ahead_user13/AHEAD/Project/Kernel1_Square/Kernel1_Square/hls/syn/report/csynth_design_size.rpt 
INFO: [HLS 200-1995] There were 13 instructions in the design after the 'Unroll/Inline (step 1)' phase of compilation. See the Design Size Report for more details: /media/diskDrive/ahead/ahead_user13/AHEAD/Project/Kernel1_Square/Kernel1_Square/hls/syn/report/csynth_design_size.rpt
Command       send_msg_by_id done; 0.2 sec.
Execute       send_msg_by_id INFO @200-1995@%s%s%s 12 Unroll/Inline (step 2) /media/diskDrive/ahead/ahead_user13/AHEAD/Project/Kernel1_Square/Kernel1_Square/hls/syn/report/csynth_design_size.rpt 
INFO: [HLS 200-1995] There were 12 instructions in the design after the 'Unroll/Inline (step 2)' phase of compilation. See the Design Size Report for more details: /media/diskDrive/ahead/ahead_user13/AHEAD/Project/Kernel1_Square/Kernel1_Square/hls/syn/report/csynth_design_size.rpt
Execute       send_msg_by_id INFO @200-1995@%s%s%s 10 Unroll/Inline (step 3) /media/diskDrive/ahead/ahead_user13/AHEAD/Project/Kernel1_Square/Kernel1_Square/hls/syn/report/csynth_design_size.rpt 
INFO: [HLS 200-1995] There were 10 instructions in the design after the 'Unroll/Inline (step 3)' phase of compilation. See the Design Size Report for more details: /media/diskDrive/ahead/ahead_user13/AHEAD/Project/Kernel1_Square/Kernel1_Square/hls/syn/report/csynth_design_size.rpt
Execute       send_msg_by_id INFO @200-1995@%s%s%s 10 Unroll/Inline (step 4) /media/diskDrive/ahead/ahead_user13/AHEAD/Project/Kernel1_Square/Kernel1_Square/hls/syn/report/csynth_design_size.rpt 
INFO: [HLS 200-1995] There were 10 instructions in the design after the 'Unroll/Inline (step 4)' phase of compilation. See the Design Size Report for more details: /media/diskDrive/ahead/ahead_user13/AHEAD/Project/Kernel1_Square/Kernel1_Square/hls/syn/report/csynth_design_size.rpt
Execute       send_msg_by_id INFO @200-1995@%s%s%s 10 Array/Struct (step 1) /media/diskDrive/ahead/ahead_user13/AHEAD/Project/Kernel1_Square/Kernel1_Square/hls/syn/report/csynth_design_size.rpt 
INFO: [HLS 200-1995] There were 10 instructions in the design after the 'Array/Struct (step 1)' phase of compilation. See the Design Size Report for more details: /media/diskDrive/ahead/ahead_user13/AHEAD/Project/Kernel1_Square/Kernel1_Square/hls/syn/report/csynth_design_size.rpt
Execute       send_msg_by_id INFO @200-1995@%s%s%s 10 Array/Struct (step 2) /media/diskDrive/ahead/ahead_user13/AHEAD/Project/Kernel1_Square/Kernel1_Square/hls/syn/report/csynth_design_size.rpt 
INFO: [HLS 200-1995] There were 10 instructions in the design after the 'Array/Struct (step 2)' phase of compilation. See the Design Size Report for more details: /media/diskDrive/ahead/ahead_user13/AHEAD/Project/Kernel1_Square/Kernel1_Square/hls/syn/report/csynth_design_size.rpt
Execute       send_msg_by_id INFO @200-1995@%s%s%s 10 Array/Struct (step 3) /media/diskDrive/ahead/ahead_user13/AHEAD/Project/Kernel1_Square/Kernel1_Square/hls/syn/report/csynth_design_size.rpt 
INFO: [HLS 200-1995] There were 10 instructions in the design after the 'Array/Struct (step 3)' phase of compilation. See the Design Size Report for more details: /media/diskDrive/ahead/ahead_user13/AHEAD/Project/Kernel1_Square/Kernel1_Square/hls/syn/report/csynth_design_size.rpt
Execute       send_msg_by_id INFO @200-1995@%s%s%s 10 Array/Struct (step 4) /media/diskDrive/ahead/ahead_user13/AHEAD/Project/Kernel1_Square/Kernel1_Square/hls/syn/report/csynth_design_size.rpt 
INFO: [HLS 200-1995] There were 10 instructions in the design after the 'Array/Struct (step 4)' phase of compilation. See the Design Size Report for more details: /media/diskDrive/ahead/ahead_user13/AHEAD/Project/Kernel1_Square/Kernel1_Square/hls/syn/report/csynth_design_size.rpt
Execute       send_msg_by_id INFO @200-1995@%s%s%s 10 Array/Struct (step 5) /media/diskDrive/ahead/ahead_user13/AHEAD/Project/Kernel1_Square/Kernel1_Square/hls/syn/report/csynth_design_size.rpt 
INFO: [HLS 200-1995] There were 10 instructions in the design after the 'Array/Struct (step 5)' phase of compilation. See the Design Size Report for more details: /media/diskDrive/ahead/ahead_user13/AHEAD/Project/Kernel1_Square/Kernel1_Square/hls/syn/report/csynth_design_size.rpt
Execute       send_msg_by_id INFO @200-1995@%s%s%s 10 Performance (step 1) /media/diskDrive/ahead/ahead_user13/AHEAD/Project/Kernel1_Square/Kernel1_Square/hls/syn/report/csynth_design_size.rpt 
INFO: [HLS 200-1995] There were 10 instructions in the design after the 'Performance (step 1)' phase of compilation. See the Design Size Report for more details: /media/diskDrive/ahead/ahead_user13/AHEAD/Project/Kernel1_Square/Kernel1_Square/hls/syn/report/csynth_design_size.rpt
Execute       send_msg_by_id INFO @200-1995@%s%s%s 10 Performance (step 2) /media/diskDrive/ahead/ahead_user13/AHEAD/Project/Kernel1_Square/Kernel1_Square/hls/syn/report/csynth_design_size.rpt 
INFO: [HLS 200-1995] There were 10 instructions in the design after the 'Performance (step 2)' phase of compilation. See the Design Size Report for more details: /media/diskDrive/ahead/ahead_user13/AHEAD/Project/Kernel1_Square/Kernel1_Square/hls/syn/report/csynth_design_size.rpt
Execute       send_msg_by_id INFO @200-1995@%s%s%s 10 Performance (step 3) /media/diskDrive/ahead/ahead_user13/AHEAD/Project/Kernel1_Square/Kernel1_Square/hls/syn/report/csynth_design_size.rpt 
INFO: [HLS 200-1995] There were 10 instructions in the design after the 'Performance (step 3)' phase of compilation. See the Design Size Report for more details: /media/diskDrive/ahead/ahead_user13/AHEAD/Project/Kernel1_Square/Kernel1_Square/hls/syn/report/csynth_design_size.rpt
Execute       send_msg_by_id INFO @200-1995@%s%s%s 10 Performance (step 4) /media/diskDrive/ahead/ahead_user13/AHEAD/Project/Kernel1_Square/Kernel1_Square/hls/syn/report/csynth_design_size.rpt 
INFO: [HLS 200-1995] There were 10 instructions in the design after the 'Performance (step 4)' phase of compilation. See the Design Size Report for more details: /media/diskDrive/ahead/ahead_user13/AHEAD/Project/Kernel1_Square/Kernel1_Square/hls/syn/report/csynth_design_size.rpt
Execute       send_msg_by_id INFO @200-1995@%s%s%s 12 HW Transforms (step 1) /media/diskDrive/ahead/ahead_user13/AHEAD/Project/Kernel1_Square/Kernel1_Square/hls/syn/report/csynth_design_size.rpt 
INFO: [HLS 200-1995] There were 12 instructions in the design after the 'HW Transforms (step 1)' phase of compilation. See the Design Size Report for more details: /media/diskDrive/ahead/ahead_user13/AHEAD/Project/Kernel1_Square/Kernel1_Square/hls/syn/report/csynth_design_size.rpt
Execute       send_msg_by_id INFO @200-1995@%s%s%s 19 HW Transforms (step 2) /media/diskDrive/ahead/ahead_user13/AHEAD/Project/Kernel1_Square/Kernel1_Square/hls/syn/report/csynth_design_size.rpt 
INFO: [HLS 200-1995] There were 19 instructions in the design after the 'HW Transforms (step 2)' phase of compilation. See the Design Size Report for more details: /media/diskDrive/ahead/ahead_user13/AHEAD/Project/Kernel1_Square/Kernel1_Square/hls/syn/report/csynth_design_size.rpt
WARNING: [HLS 214-387] Ignore depth setting for top argument 'InputK1' (Kernel1Square.cpp:17:0)
INFO: [HLS 214-178] Inlining function 'SquareStream(hls::stream<int, 0>&, hls::stream<int, 0>&)' into 'Kernel1_Square(hls::stream<int, 0>&)' (Kernel1Square.cpp:17:0)
INFO: [HLS 214-376] automatically set the pipeline for Loop< VITIS_LOOP_10_1> at Kernel1Square.cpp:10:22 
INFO-FLOW: DBG:PUTS: copy_raw_kernel_xml ap_link_39: kernel.xml not generated: /media/diskDrive/ahead/ahead_user13/AHEAD/Project/Kernel1_Square/Kernel1_Square/hls/.autopilot/db/kernel.internal.xml
INFO: [HLS 200-111] Finished Compiling Optimization and Transform: CPU user time: 2.46 seconds. CPU system time: 0.43 seconds. Elapsed time: 7.99 seconds; current allocated memory: 340.621 MB.
INFO: [HLS 200-111] Finished Checking Pragmas: CPU user time: 0 seconds. CPU system time: 0 seconds. Elapsed time: 0 seconds; current allocated memory: 340.621 MB.
Execute       opt_and_import_c a -opt_level=2 -skip_syncheck=0 -ng=0 -keep_printf=0 
Execute         cleanup_all_models 
INFO: [HLS 200-10] Starting code transformations ...
INFO-FLOW: Running Standard Transforms...
Execute         transform -hls -share-std-xform -demangle-name -inline-byval-memcpy -always-inline -promote-dbg-pointer -interface-preproc -mem2reg -scalarrepl -mem2reg -keep-read-access -instcombine -dce -promote-dbg-pointer -bitop-raise -loop-simplify -indvarspre -indvars -loop-simplify -constprop -instcombine -simplifycfg -indvars -simplifycfg -dce -globaldce -basicaa -simplifycfg -mem2reg -globalopt -global-constprop -deadargelim -instcombine -simplifycfg -scalarrepl -instcombine -reassociate -licm -simplifycfg -loop-simplify -indvars -instcombine -simplifycfg -mem2reg -loop-simplify -indvars -instcombine -gvn -gvn -instcombine -adce -break-crit-edges -simplifycfg -loop-delete -global-array-opt -dce -dse -adce -find-syn-modules -top Kernel1_Square -deadargelim -mem2reg -instcombine -dce -presyn-prepare -interface-preproc -syn-check -check-rec-only -find-region -simplifycfg -func-extr -function-inline -globaldce -mem2reg -instcombine -dce -gvn -globaldce -adce -adse -constprop -instcombine -bit-constprop -instcombine -dce -simplifycfg -bitop-raise -simplifycfg -dce -loop-delete -reassociate -globalopt -global-privatize -mem2reg -dce -global-constprop -pointer-simplify -constprop -dce -promote-dbg-pointer -norm-name /media/diskDrive/ahead/ahead_user13/AHEAD/Project/Kernel1_Square/Kernel1_Square/hls/.autopilot/db/a.g.0.bc -o /media/diskDrive/ahead/ahead_user13/AHEAD/Project/Kernel1_Square/Kernel1_Square/hls/.autopilot/db/a.g.1.bc -f -phase std-opt 
INFO: [HLS 200-111] Finished Standard Transforms: CPU user time: 0.01 seconds. CPU system time: 0 seconds. Elapsed time: 0.01 seconds; current allocated memory: 340.738 MB.
INFO: [HLS 200-10] Checking synthesizability ...
INFO-FLOW: Checking Synthesizability 1/2..
Execute         transform -hls -syn-check -check-rec-only -scalarrepl -norm-name -dce -mem2reg -instcombine -directive-preproc -mem2reg -dse -dce -dce -pag -array-normalize -instcombine -dce -array-seg-normalize -instcombine -dce -data-pack -instcombine -dce -inst-simplify -array-flatten -instcombine -dce -array-burst -dce -deadargelim -promote-global-argument -simplifycfg -mem2reg -globaldce -dce -deadargelim -dce -instcombine -function-inline -globaldce -dce -doublePtrSimplify -doublePtrElim -dce -doublePtrSimplify -promote-dbg-pointer -dce -scalarrepl -dse -adse -instcombine -ptrLegalization -simplifycfg -dce -instcombine -pointer-simplify -ptrArgReplace -dce -instcombine -resolve-double-ptr -scalarrepl -norm-name -dce -mem2reg -instcombine -ptrLegalization -simplifycfg -deadargelim -instcombine -dce -inst-simplify -directive-preproc -mem2reg -dse -dce -globaldce /media/diskDrive/ahead/ahead_user13/AHEAD/Project/Kernel1_Square/Kernel1_Square/hls/.autopilot/db/a.g.1.bc -o /media/diskDrive/ahead/ahead_user13/AHEAD/Project/Kernel1_Square/Kernel1_Square/hls/.autopilot/db/a.g.2.prechk.bc -f 
INFO-FLOW: Checking Synthesizability 2/2..
Execute         transform -syn-check /media/diskDrive/ahead/ahead_user13/AHEAD/Project/Kernel1_Square/Kernel1_Square/hls/.autopilot/db/a.g.2.prechk.bc -o /media/diskDrive/ahead/ahead_user13/AHEAD/Project/Kernel1_Square/Kernel1_Square/hls/.autopilot/db/a.g.2.bc -f -phase syn-check 
WARNING: [SYNCHK 200-77] The top function 'Kernel1_Square' (Kernel1Square.cpp:17) has no outputs. Possible cause(s) are: (1) Output parameters are passed by value; (2) intended outputs (parameters or global variables) are never written; (3) there are infinite loops.
INFO: [SYNCHK 200-10] 0 error(s), 1 warning(s).
INFO: [HLS 200-111] Finished Checking Synthesizability: CPU user time: 0.01 seconds. CPU system time: 0 seconds. Elapsed time: 0.01 seconds; current allocated memory: 340.738 MB.
INFO-FLOW: Compiler optimizing ...
INFO-FLOW: Share syncheck's 1.bc for syn flow: copy /media/diskDrive/ahead/ahead_user13/AHEAD/Project/Kernel1_Square/Kernel1_Square/hls/.autopilot/db/a.g.1.bc to /media/diskDrive/ahead/ahead_user13/AHEAD/Project/Kernel1_Square/Kernel1_Square/hls/.autopilot/db/a.o.1.bc
INFO-FLOW: Presyn 1...
Execute         transform -hls -tmp /media/diskDrive/ahead/ahead_user13/AHEAD/Project/Kernel1_Square/Kernel1_Square/hls/.autopilot/db -interface-port-rename -directive-preproc -mem2reg -dse -dce -scalarrepl -norm-name -deadargelim -mem2reg -instcombine -dce -simplifycfg -dce -resource-proc -clib-intrinsic-prepare -dce -func-buffer -dce -pag -array-normalize -func-legal -instcombine -gvn -constprop -dce -simplifycfg -mem2reg -globaldce -resolve-double-ptr -dce -deadargelim -dce -instcombine -ptrArgReplace -mem2reg -dce -array-seg-normalize -deadargelim -instcombine -dce -directive-preproc -mem2reg -dse -dce -pointer-simplify -dce -port-alignment -dce -interface-preproc -data-pack -instcombine -dce -basicaa -aggr-aa -aggrmodref-aa -aggr-aa -gvn -gvn -basicaa -aggr-aa -aggrmodref-aa -aggr-aa -dse -adse -adce -loop-simplify -indvars -instcombine -gvn -loop-simplify -mem2reg -dce -find-region -instcombine -inst-simplify -interface-preproc -cfgopt -instcombine -indvars -loop-simplify -loop-bound -constprop -instcombine -simplifycfg -indvars -simplifycfg -dce -globaldce -clean-region -attach-range -gvn -inst-simplify -constprop -simplifycfg -dce -pointer-simplify -dce -globalopt -constprop -dce -array-promote -constprop -dce -ptrArgReplace -mem2reg -simplifycfg -dce -instcombine -dce -array-transform-check -array-reshape -instcombine -simplifycfg -dce -ptrArgReplace -deadargelim -mem2reg -instcombine -simplifycfg -dce -indvars -loop-simplify -loop-bound -constprop -instcombine -simplifycfg -indvars -simplifycfg -dce -globaldce -basicaa -aggr-aa -aggrmodref-aa -aggr-aa -dse -duplicate-dataflow-processes -globaldce -instcombine -array-partition -prepare-dynamic-array-partition -instcombine -simplifycfg -dce -ptrArgReplace -global-constprop -deadargelim -mem2reg -func-legal -dce -global-constprop -deadargelim -mem2reg -simplifycfg -dce -merge-param -deadargelim -globalopt -constprop -dce -array-promote -constprop -dce -ptrArgReplace -mem2reg -simplifycfg -dce -mem-intrinsic-preproc -dce -global-internalize -global-privatize -mem2reg -globaldce -lcssa -loop-simplify -phi-select-elim -promote-global-argument -ptrArgReplace -mem2reg -dce -globalopt -mergereturn -simplify-global-access -mem2reg -dce -pointer-simplify -dce -basicaa -aggr-aa -aggrmodref-aa -aggr-aa -functionattrs -basicaa -aggr-aa -aggrmodref-aa -aggr-aa -gvn -gvn -basicaa -aggr-aa -aggrmodref-aa -aggr-aa -dse -adse -adce -dce -norm-name -basicaa -aggr-aa -aggrmodref-aa -aggr-aa -accesses-merge -function-inline -complex-op-raise -inst-simplify -globaldce -func-legal -dce -loop-bound -arraycheck -bitwidthmin2 -bitwidthmin2 -on-by-dataflow -loop-delete -instcombine -simplifycfg -globaldce -dce -gvn -deadargelim -dce -loop-simplify -clean-region -simplifycfg -propagate-stable-arguments -loop-stream -instcombine -simplifycfg -dce -globaldce -duplicate-dataflow-processes -stream-intrinsic-preproc -dce -check-ap-stream -loop-simplify -eliminate-keepreads -extract-dataflow-in-loop -loop-simplify -dce -gvn -deadargelim -dse -duplicate-dataflow-processes -check-dataflow-syntax -legalize-stream-variable -globaldce -legalize-global -extract-subproc -dce -dead-channel-elimination -canonicalize-gep -globaldce -dce -gvn -hls-dead-arg-elim -deadargelim -directive-preproc -canonicalize-dataflow -dce -globaldce -scalar-preprocessing -scalar-propagation2 -scalar-stream -deadargelim -globaldce -mem2reg -check-dataflow-channels -function-stream -dce -globaldce -prop-fifo-spec -internal-stream-gen -canonicalize-gep -globaldce -dce -gvn -deadargelim -mergereturn -indvars -loop-simplify -instcombine -array-stream -array-seg-normalize -array-partition -clean-array-spec -func-legal -instcombine -simplifycfg -dce -bundle-memfifo-ops -deadargelim -directive-preproc -mem2reg -dse -dce -group-axi-access -licm -simplifycfg -dce -loop-delete -hls-display -norm-name /media/diskDrive/ahead/ahead_user13/AHEAD/Project/Kernel1_Square/Kernel1_Square/hls/.autopilot/db/a.o.1.bc -o /media/diskDrive/ahead/ahead_user13/AHEAD/Project/Kernel1_Square/Kernel1_Square/hls/.autopilot/db/a.o.1.tmp.bc -f 
WARNING: [XFORM 203-731] Internal stream variable 'Out' (Kernel1Square.cpp:19) is invalid: it has no data consumer.
INFO-FLOW: Presyn 2...
Execute         transform -hls -keep-callgraph -scalarrepl -mem2reg -port-alignment -attach-range -dce -pipe-mux-gen -indvars -loop-bound -inst-simplify -instcombine -dce -merge-array-access -mem2reg -dce -clean-region -mergereturn -if-conv -instcombine -dce -constprop -basicaa -aggr-aa -aggrmodref-aa -aggr-aa -gvn -gvn -basicaa -aggr-aa -aggrmodref-aa -aggr-aa -dse -adse -adce -scalarrepl -mem2reg -global-constprop -deadargelim -deadargelim -instcombine -dce -simplifycfg -ptrArgReplace -mem2reg -function-inline -globaldce -mem2reg -instcombine -dce -expr-balance -instcombine -dce -bitwidthmin2 -bitwidthmin2 -interface-preproc -directive-preproc -inst-rectify -instcombine -dce -basicaa -aggr-aa -aggrmodref-aa -aggr-aa -functionattrs -constprop -instcombine -bit-constprop -simplify-global-access -globalopt -globaldce -inst-simplify -instcombine -elimdeaddata -dce -loop-delete -simplifycfg -loop-simplify -barrier -norm-name /media/diskDrive/ahead/ahead_user13/AHEAD/Project/Kernel1_Square/Kernel1_Square/hls/.autopilot/db/a.o.1.tmp.bc -o /media/diskDrive/ahead/ahead_user13/AHEAD/Project/Kernel1_Square/Kernel1_Square/hls/.autopilot/db/a.o.2.bc -f -phase presyn 
INFO: [HLS 200-111] Finished Loop, function and other optimizations: CPU user time: 0.02 seconds. CPU system time: 0 seconds. Elapsed time: 0.02 seconds; current allocated memory: 361.539 MB.
Execute         transform -hls -auto-function-inline -globaldce -ptrArgReplace -mem2reg -dce -reset-lda -loop-simplify -indvars -aggr-aa -licm -loop-dep -loop-bound -licm -loop-simplify -loop-sink-hoist -flattenloopnest -array-flatten -gvn -instcombine -dce -array-map -dce -func-legal -gvn -adce -instcombine -cfgopt -simplifycfg-lite -loop-simplify -array-burst -promote-global-argument -dce -array-seg-normalize -basicaa -aggrmodref-aa -globalsmodref-aa -aggr-aa -gvn -gvn -basicaa -aggrmodref-aa -globalsmodref-aa -aggr-aa -dse -adse -adce -licm -inst-simplify -dce -globaldce -instcombine -array-stream -eliminate-keepreads -instcombine -dce -deadargelim -doublePtrSimplify -doublePtrElim -dce -doublePtrSimplify -promote-dbg-pointer -dce -scalarrepl -mem2reg -norm-name -mem2reg -instcombine -dse -adse -adce -ptrLegalization -dce -array-flatten -dce -instcombine -check-doubleptr -loop-rot -constprop -inst-simplify -cfgopt -simplifycfg-lite -loop-simplify -indvars -pointer-simplify -dce -loop-bound -loop-simplify -loop-preproc -constprop -global-constprop -gvn -mem2reg -instcombine -dce -loop-bound -loop-merge -dce -deadargelim -dce -canonicalize-dataflow -dce -deadargelim -globaldce -mem2reg -bram-byte-enable -inst-simplify -inst-rectify -instcombine -adce -deadargelim -load-elim -read-loop-dep -loop-simplify -loop-extract-inner -directive-preproc -bitwidthmin2 -bitwidthmin2 -read-loop-dep -interface-preproc -directive-preproc -interface-gen -bram-byte-enable-spec-prop -mul2addshift -deadargelim -inst-simplify -dce -mem2reg -instcombine -gvn -dce -adse -loop-bound -instcombine -cfgopt -simplifycfg-lite -loop-simplify -clean-region -io-protocol -find-region -mem2reg -bitop-raise -complex-op-raise -inst-simplify -inst-rectify -instcombine -adce -deadargelim -float-op-raise -loop-simplify -phi-opt -bitop-raise -cfgopt -simplifycfg-lite -strip-dead-prototypes -interface-lower -bitop-lower -intrinsic-lower -auto-function-inline -basicaa -aggrmodref-aa -globalsmodref-aa -aggr-aa -inst-simplify -simplifycfg-lite -loop-simplify -mergereturn -inst-simplify -inst-rectify -globaldce -dce -load-elim -bitop-lower -float-op-raise -fma-raise -loop-rewind -pointer-simplify -dce -cfgopt -dce -loop-bound -loop-dep -read-loop-dep -dce -dyn-mem-reuse -dce -recurrence-min -dce -share-scalar-alloca -deadargelim -dce -check-stream -norm-name -legalize -inst-clarity -bitwidth -dce -validate-dataflow -dump-loop-dep-to-ir -check-all-ssdm -dump-complexity-metric /media/diskDrive/ahead/ahead_user13/AHEAD/Project/Kernel1_Square/Kernel1_Square/hls/.autopilot/db/a.o.2.bc -o /media/diskDrive/ahead/ahead_user13/AHEAD/Project/Kernel1_Square/Kernel1_Square/hls/.autopilot/db/a.o.3.bc -f -phase build-ssdm 
Execute           auto_get_db
INFO-FLOW: Building ssdm...
Execute         transform -hls -cdfg-build /media/diskDrive/ahead/ahead_user13/AHEAD/Project/Kernel1_Square/Kernel1_Square/hls/.autopilot/db/a.o.3.bc -o /media/diskDrive/ahead/ahead_user13/AHEAD/Project/Kernel1_Square/Kernel1_Square/hls/.autopilot/db/a.o.3.bc -f -phase build-ssdm 
INFO: [HLS 200-111] Finished Architecture Synthesis: CPU user time: 0.01 seconds. CPU system time: 0 seconds. Elapsed time: 0.02 seconds; current allocated memory: 361.539 MB.
INFO-FLOW: Finish building internal data model.
Command     elaborate done; 8.83 sec.
Execute     ap_eval exec zip -j /media/diskDrive/ahead/ahead_user13/AHEAD/Project/Kernel1_Square/Kernel1_Square/hls/.autopilot/db/dut.hcp $dbDir/a.o.3.bc $dbDir/${topname}.rtl_wrap.cfg.tcl $dbDir/apatb_${topname}.cpp $dbDir/apatb_${topname}_util.cpp $dbDir/apatb_${topname}_ir.ll $dbDir/mapper_${topname}.cpp $dbDir/top-io-fe.xml $dbDir/kernel.internal.xml $workdir/../hls.app 
Execute     autosyn -from_csynth_design=1 
INFO: [HLS 200-10] Starting hardware synthesis ...
INFO-FLOW: Synthesizing C/C++ design ...
INFO: [HLS 200-10] Synthesizing 'Kernel1_Square' ...
Execute       ap_set_top_model Kernel1_Square 
Execute       get_model_list Kernel1_Square -filter all-wo-channel -topdown 
Execute       preproc_iomode -model Kernel1_Square 
Execute       get_model_list Kernel1_Square -filter all-wo-channel 
INFO-FLOW: Model list for configure: Kernel1_Square
INFO-FLOW: Configuring Module : Kernel1_Square ...
Execute       set_default_model Kernel1_Square 
Execute       apply_spec_resource_limit Kernel1_Square 
INFO-FLOW: Model list for preprocess: Kernel1_Square
INFO-FLOW: Preprocessing Module: Kernel1_Square ...
Execute       set_default_model Kernel1_Square 
Execute       cdfg_preprocess -model Kernel1_Square 
Execute       rtl_gen_preprocess Kernel1_Square 
INFO-FLOW: Model list for synthesis: Kernel1_Square
INFO: [HLS 200-10] ----------------------------------------------------------------
INFO: [HLS 200-42] -- Implementing module 'Kernel1_Square' 
INFO: [HLS 200-10] ----------------------------------------------------------------
Execute       set_default_model Kernel1_Square 
Execute       schedule -model Kernel1_Square 
INFO: [SCHED 204-11] Starting scheduling ...
INFO: [SCHED 204-61] Pipelining loop 'VITIS_LOOP_10_1'.
WARNING: [HLS 200-878] Unable to schedule the loop exit test (axis request operation ('tmp', Kernel1Square.cpp:14->Kernel1Square.cpp:21) on port 'InputK1' (Kernel1Square.cpp:14->Kernel1Square.cpp:21)) in the first pipeline iteration (II = 1 cycles).
WARNING: [HLS 200-878] Unable to schedule the loop exit test (axis request operation ('tmp', Kernel1Square.cpp:14->Kernel1Square.cpp:21) on port 'InputK1' (Kernel1Square.cpp:14->Kernel1Square.cpp:21)) in the first pipeline iteration (II = 1 cycles).
INFO: [HLS 200-1470] Pipelining result : Target II = NA, Final II = 2, Depth = 2, loop 'VITIS_LOOP_10_1'
INFO: [SCHED 204-11] Finished scheduling.
INFO: [HLS 200-111] Finished Scheduling: CPU user time: 0.03 seconds. CPU system time: 0.04 seconds. Elapsed time: 0.05 seconds; current allocated memory: 361.539 MB.
Execute       syn_report -verbosereport -o /media/diskDrive/ahead/ahead_user13/AHEAD/Project/Kernel1_Square/Kernel1_Square/hls/.autopilot/db/Kernel1_Square.verbose.sched.rpt 
Execute         list_part -family xcu250-figd2104-2L-e 
Execute           ap_family_info -name xcu250-figd2104-2L-e -data names 
Execute           ap_part_info -quiet -name xcu250-figd2104-2L-e -data family 
Execute       db_write -o /media/diskDrive/ahead/ahead_user13/AHEAD/Project/Kernel1_Square/Kernel1_Square/hls/.autopilot/db/Kernel1_Square.sched.adb -f 
INFO-FLOW: Finish scheduling Kernel1_Square.
Execute       set_default_model Kernel1_Square 
Execute       bind -model Kernel1_Square 
INFO: [BIND 205-100] Starting micro-architecture generation ...
INFO: [BIND 205-101] Performing variable lifetime analysis.
INFO: [BIND 205-101] Exploring resource sharing.
INFO: [BIND 205-101] Binding ...
INFO: [BIND 205-100] Finished micro-architecture generation.
INFO: [HLS 200-111] Finished Binding: CPU user time: 0.01 seconds. CPU system time: 0 seconds. Elapsed time: 0.02 seconds; current allocated memory: 361.539 MB.
Execute       syn_report -verbosereport -o /media/diskDrive/ahead/ahead_user13/AHEAD/Project/Kernel1_Square/Kernel1_Square/hls/.autopilot/db/Kernel1_Square.verbose.bind.rpt 
Execute         list_part -family xcu250-figd2104-2L-e 
Execute           ap_family_info -name xcu250-figd2104-2L-e -data names 
Execute           ap_part_info -quiet -name xcu250-figd2104-2L-e -data family 
Execute       db_write -o /media/diskDrive/ahead/ahead_user13/AHEAD/Project/Kernel1_Square/Kernel1_Square/hls/.autopilot/db/Kernel1_Square.bind.adb -f 
INFO-FLOW: Finish binding Kernel1_Square.
Execute       get_model_list Kernel1_Square -filter all-wo-channel 
INFO-FLOW: Preprocessing for RTLGen ...
Execute       rtl_gen_preprocess Kernel1_Square 
INFO-FLOW: Model list for RTL generation: Kernel1_Square
INFO: [HLS 200-10] ----------------------------------------------------------------
INFO: [HLS 200-10] -- Generating RTL for module 'Kernel1_Square' 
INFO: [HLS 200-10] ----------------------------------------------------------------
Execute       create_rtl_model Kernel1_Square -top_prefix  -sub_prefix Kernel1_Square_ -mg_file /media/diskDrive/ahead/ahead_user13/AHEAD/Project/Kernel1_Square/Kernel1_Square/hls/.autopilot/db/Kernel1_Square.compgen.tcl 
WARNING: [RTGEN 206-101] Design contains AXI ports. Reset is fixed to synchronous and active low.
INFO: [RTGEN 206-500] Setting interface mode on port 'Kernel1_Square/InputK1' to 'axis' (register, both mode).
INFO: [RTGEN 206-500] Setting interface mode on function 'Kernel1_Square' to 'ap_ctrl_hs'.
INFO: [RTGEN 206-100] Generating core module 'mul_32s_32s_32_1_1': 1 instance(s).
INFO: [RTGEN 206-100] Finished creating RTL model for 'Kernel1_Square'.
INFO: [HLS 200-111] Finished Creating RTL model: CPU user time: 0.03 seconds. CPU system time: 0 seconds. Elapsed time: 0.03 seconds; current allocated memory: 361.539 MB.
Execute       source /media/diskDrive/ahead/ahead_user13/AHEAD/Project/Kernel1_Square/Kernel1_Square/hls/.autopilot/db/Kernel1_Square.rtl_wrap.cfg.tcl 
Execute       gen_rtl Kernel1_Square -istop -style xilinx -f -lang vhdl -o /media/diskDrive/ahead/ahead_user13/AHEAD/Project/Kernel1_Square/Kernel1_Square/hls/syn/vhdl/Kernel1_Square 
Execute       gen_rtl Kernel1_Square -istop -style xilinx -f -lang vlog -o /media/diskDrive/ahead/ahead_user13/AHEAD/Project/Kernel1_Square/Kernel1_Square/hls/syn/verilog/Kernel1_Square 
Execute       syn_report -csynth -model Kernel1_Square -o /media/diskDrive/ahead/ahead_user13/AHEAD/Project/Kernel1_Square/Kernel1_Square/hls/syn/report/Kernel1_Square_csynth.rpt 
Execute         list_part -family xcu250-figd2104-2L-e 
Execute           ap_family_info -name xcu250-figd2104-2L-e -data names 
Execute           ap_part_info -quiet -name xcu250-figd2104-2L-e -data family 
Execute       syn_report -rtlxml -model Kernel1_Square -o /media/diskDrive/ahead/ahead_user13/AHEAD/Project/Kernel1_Square/Kernel1_Square/hls/syn/report/Kernel1_Square_csynth.xml 
Execute         list_part -family xcu250-figd2104-2L-e 
Execute           ap_family_info -name xcu250-figd2104-2L-e -data names 
Execute           ap_part_info -quiet -name xcu250-figd2104-2L-e -data family 
Execute       syn_report -verbosereport -model Kernel1_Square -o /media/diskDrive/ahead/ahead_user13/AHEAD/Project/Kernel1_Square/Kernel1_Square/hls/.autopilot/db/Kernel1_Square.verbose.rpt 
Execute         list_part -family xcu250-figd2104-2L-e 
Execute           ap_family_info -name xcu250-figd2104-2L-e -data names 
Execute           ap_part_info -quiet -name xcu250-figd2104-2L-e -data family 
Execute       db_write -model Kernel1_Square -f -o /media/diskDrive/ahead/ahead_user13/AHEAD/Project/Kernel1_Square/Kernel1_Square/hls/.autopilot/db/Kernel1_Square.adb 
Execute       db_write -model Kernel1_Square -bindview -o /media/diskDrive/ahead/ahead_user13/AHEAD/Project/Kernel1_Square/Kernel1_Square/hls/.autopilot/db/design.bindinfo.xml 
Execute       gen_tb_info Kernel1_Square -p /media/diskDrive/ahead/ahead_user13/AHEAD/Project/Kernel1_Square/Kernel1_Square/hls/.autopilot/db -o /media/diskDrive/ahead/ahead_user13/AHEAD/Project/Kernel1_Square/Kernel1_Square/hls/.autopilot/db/Kernel1_Square 
Execute       export_constraint_db -f -tool general -o /media/diskDrive/ahead/ahead_user13/AHEAD/Project/Kernel1_Square/Kernel1_Square/hls/.autopilot/db/Kernel1_Square.constraint.tcl 
Execute       syn_report -designview -model Kernel1_Square -o /media/diskDrive/ahead/ahead_user13/AHEAD/Project/Kernel1_Square/Kernel1_Square/hls/.autopilot/db/Kernel1_Square.design.xml 
Execute       syn_report -csynthDesign -model Kernel1_Square -o /media/diskDrive/ahead/ahead_user13/AHEAD/Project/Kernel1_Square/Kernel1_Square/hls/syn/report/csynth.rpt -MHOut /media/diskDrive/ahead/ahead_user13/AHEAD/Project/Kernel1_Square/Kernel1_Square/hls/.autopilot/db/kernel_module_hierarchy.tcl 
Execute         list_part -family xcu250-figd2104-2L-e 
Execute           ap_family_info -name xcu250-figd2104-2L-e -data names 
Execute           ap_part_info -quiet -name xcu250-figd2104-2L-e -data family 
Execute       syn_report -wcfg -model Kernel1_Square -o /media/diskDrive/ahead/ahead_user13/AHEAD/Project/Kernel1_Square/Kernel1_Square/hls/.autopilot/db/Kernel1_Square_dataflow_ana.wcfg 
Execute       syn_report -protoinst -model Kernel1_Square -o /media/diskDrive/ahead/ahead_user13/AHEAD/Project/Kernel1_Square/Kernel1_Square/hls/.autopilot/db/Kernel1_Square.protoinst 
Execute       sc_get_clocks Kernel1_Square 
Execute       sc_get_portdomain Kernel1_Square 
INFO-FLOW: Model list for RTL component generation: Kernel1_Square
INFO-FLOW: Handling components in module [Kernel1_Square] ... 
Execute       source /media/diskDrive/ahead/ahead_user13/AHEAD/Project/Kernel1_Square/Kernel1_Square/hls/.autopilot/db/Kernel1_Square.compgen.tcl 
INFO-FLOW: Found component Kernel1_Square_mul_32s_32s_32_1_1.
INFO-FLOW: Append model Kernel1_Square_mul_32s_32s_32_1_1
INFO-FLOW: Found component Kernel1_Square_regslice_both.
INFO-FLOW: Append model Kernel1_Square_regslice_both
INFO-FLOW: Found component Kernel1_Square_flow_control_loop_pipe.
INFO-FLOW: Append model Kernel1_Square_flow_control_loop_pipe
INFO-FLOW: Append model Kernel1_Square
INFO-FLOW: Generating RTL model list ...
INFO-FLOW: All models in this session: Kernel1_Square_mul_32s_32s_32_1_1 Kernel1_Square_regslice_both Kernel1_Square_flow_control_loop_pipe Kernel1_Square
INFO-FLOW: Generating /media/diskDrive/ahead/ahead_user13/AHEAD/Project/Kernel1_Square/Kernel1_Square/hls/.autopilot/db/autopilot.rtl.models.txt file...
INFO-FLOW: To file: write model Kernel1_Square_mul_32s_32s_32_1_1
INFO-FLOW: To file: write model Kernel1_Square_regslice_both
INFO-FLOW: To file: write model Kernel1_Square_flow_control_loop_pipe
INFO-FLOW: To file: write model Kernel1_Square
INFO-FLOW: Generating /media/diskDrive/ahead/ahead_user13/AHEAD/Project/Kernel1_Square/Kernel1_Square/hls/.autopilot/db/autopilot.rtl.models.tcl file...
INFO-FLOW: Finished generating RTL model list.


INFO-FLOW: RTL Generation done.
INFO-FLOW: CAS Generation done.
INFO-FLOW: CBC Generation done.
INFO-FLOW: DBG:PROC: ::AESL_AUTOMG::auto_generate_csynth_design
INFO-FLOW: DBG:PUTS: read_platform_lib /media/diskDrive/ahead/ahead_user13/AHEAD/Project/Kernel1_Square/Kernel1_Square/hls/.autopilot/db/global.setting.tcl
Execute       source /media/slowSSD/Xilinx_2024.1/Vitis_HLS/2024.1/common/technology/generic/autopilot/common.gen 
Execute         source /media/slowSSD/Xilinx_2024.1/Vitis_HLS/2024.1/common/technology/generic/autopilot/APCoreGen.gen 
Execute       source /media/slowSSD/Xilinx_2024.1/Vitis_HLS/2024.1/common/technology/generic/autopilot/op.gen 
Execute       source /media/slowSSD/Xilinx_2024.1/Vitis_HLS/2024.1/common/technology/generic/autopilot/op_simcore.gen 
Execute       source /media/slowSSD/Xilinx_2024.1/Vitis_HLS/2024.1/common/technology/generic/autopilot/interface.gen 
Execute       source /media/diskDrive/ahead/ahead_user13/AHEAD/Project/Kernel1_Square/Kernel1_Square/hls/.autopilot/db/global.setting.tcl 
Execute       source /media/slowSSD/Xilinx_2024.1/Vitis_HLS/2024.1/common/technology/xilinx/common/xilinx.gen 
Execute         source /media/slowSSD/Xilinx_2024.1/Vitis_HLS/2024.1/common/technology/xilinx/interface/plb46.gen 
Execute         source /media/slowSSD/Xilinx_2024.1/Vitis_HLS/2024.1/common/technology/xilinx/interface/axi4.gen 
Execute         source /media/slowSSD/Xilinx_2024.1/Vitis_HLS/2024.1/common/technology/xilinx/interface/nativeAXI4.gen 
Execute           source /media/slowSSD/Xilinx_2024.1/Vitis_HLS/2024.1/common/technology/xilinx/interface/saxilite.gen 
Execute         source /media/slowSSD/Xilinx_2024.1/Vitis_HLS/2024.1/common/technology/xilinx/scripts/xilinxcoregen.gen 
Execute         source /media/slowSSD/Xilinx_2024.1/Vitis_HLS/2024.1/common/technology/xilinx/interface/XilEDKCoreGen.gen 
Execute         source /media/slowSSD/Xilinx_2024.1/Vitis_HLS/2024.1/common/technology/xilinx/ip/xfft.gen 
Execute         source /media/slowSSD/Xilinx_2024.1/Vitis_HLS/2024.1/common/technology/xilinx/ip/util.gen 
Execute         source /media/slowSSD/Xilinx_2024.1/Vitis_HLS/2024.1/common/technology/xilinx/ip/xfir.gen 
Execute         source /media/slowSSD/Xilinx_2024.1/Vitis_HLS/2024.1/common/technology/xilinx/ip/dds_compiler.gen 
Execute         source /media/slowSSD/Xilinx_2024.1/Vitis_HLS/2024.1/common/technology/xilinx/DSP48/dsp48.gen 
INFO-FLOW: DBG:PUTS:   using AESL_AUTOCG::g_clock_period=10.000 (was NA)
INFO-FLOW: DBG:PROC: ::AESL_AUTOMG::generate_ip_cores gen_sim_model='1' gen_fp_models='0' gen_for_export='0' dstSCDir='' dstVhdlDir='/media/diskDrive/ahead/ahead_user13/AHEAD/Project/Kernel1_Square/Kernel1_Square/hls/.autopilot/db/vhdl' dstVlogDir='/media/diskDrive/ahead/ahead_user13/AHEAD/Project/Kernel1_Square/Kernel1_Square/hls/.autopilot/db/vlog' tclDir='/media/diskDrive/ahead/ahead_user13/AHEAD/Project/Kernel1_Square/Kernel1_Square/hls/.autopilot/db' modelList='Kernel1_Square_mul_32s_32s_32_1_1
Kernel1_Square_regslice_both
Kernel1_Square_flow_control_loop_pipe
Kernel1_Square
' expOnly='0'
Execute       source /media/diskDrive/ahead/ahead_user13/AHEAD/Project/Kernel1_Square/Kernel1_Square/hls/.autopilot/db/global.setting.tcl 
Execute       ap_part_info -name xcu250-figd2104-2L-e -data names -quiet 
Execute       ap_part_info -name xcu250-figd2104-2L-e -data info -quiet 
Execute       source /media/diskDrive/ahead/ahead_user13/AHEAD/Project/Kernel1_Square/Kernel1_Square/hls/.autopilot/db/global.setting.tcl 
Execute       source /media/diskDrive/ahead/ahead_user13/AHEAD/Project/Kernel1_Square/Kernel1_Square/hls/.autopilot/db/global.setting.tcl 
Execute       source /media/diskDrive/ahead/ahead_user13/AHEAD/Project/Kernel1_Square/Kernel1_Square/hls/.autopilot/db/Kernel1_Square.compgen.tcl 
INFO: [HLS 200-111] Finished Generating all RTL models: CPU user time: 0.19 seconds. CPU system time: 0 seconds. Elapsed time: 0.19 seconds; current allocated memory: 361.539 MB.
INFO-FLOW: DBG:PROC: ::HLSREPORTS::create_csynth_xml bind_info_var='bind_info' RtlSubPrefix='Kernel1_Square_' outfile=''
INFO-FLOW: Running: create_csynth_xml read xml data
INFO-FLOW: Done: create_csynth_xml read xml data time: 0 seconds per iteration
INFO-FLOW: Running: create_csynth_xml bind info
INFO-FLOW: No bind nodes found for module_name Kernel1_Square
INFO-FLOW: Done: create_csynth_xml bind info time: 0 seconds per iteration
INFO-FLOW: Running: create_csynth_xml config info
INFO-FLOW: Done: create_csynth_xml config info time: 0.1 seconds per iteration
INFO-FLOW: Running: create_csynth_xml write xml
INFO-FLOW: Done: create_csynth_xml write xml time: 0 seconds per iteration
INFO-FLOW: DBG:PUTS:      create_csynth_xml wrote csynth_xml=/media/diskDrive/ahead/ahead_user13/AHEAD/Project/Kernel1_Square/Kernel1_Square/hls/syn/report/csynth.xml
INFO-FLOW: DBG:PROC: ::AP::DESIGN_DATA::generate_json generate_bd_files='0' generate_xo_files='0' modelList='Kernel1_Square_mul_32s_32s_32_1_1
Kernel1_Square_regslice_both
Kernel1_Square_flow_control_loop_pipe
Kernel1_Square
' rtl_lang='both' bootstrap_tcl='false' outdir='' outfilename=''
Execute       source /media/diskDrive/ahead/ahead_user13/AHEAD/Project/Kernel1_Square/Kernel1_Square/hls/.autopilot/db/global.setting.tcl 
Execute       source /media/diskDrive/ahead/ahead_user13/AHEAD/Project/Kernel1_Square/Kernel1_Square/hls/.autopilot/db/global.setting.tcl 
Execute       source /media/diskDrive/ahead/ahead_user13/AHEAD/Project/Kernel1_Square/Kernel1_Square/hls/.autopilot/db/top-io-be.tcl 
Execute       source /media/diskDrive/ahead/ahead_user13/AHEAD/Project/Kernel1_Square/Kernel1_Square/hls/.autopilot/db/Kernel1_Square.tbgen.tcl 
Execute       source /media/diskDrive/ahead/ahead_user13/AHEAD/Project/Kernel1_Square/Kernel1_Square/hls/.autopilot/db/Kernel1_Square.rtl_wrap.cfg.tcl 
Execute       source /media/diskDrive/ahead/ahead_user13/AHEAD/Project/Kernel1_Square/Kernel1_Square/hls/.autopilot/db/Kernel1_Square.compgen.dataonly.tcl 
Execute       source /media/diskDrive/ahead/ahead_user13/AHEAD/Project/Kernel1_Square/Kernel1_Square/hls/.autopilot/db/Kernel1_Square.tbgen.tcl 
Execute       source /media/diskDrive/ahead/ahead_user13/AHEAD/Project/Kernel1_Square/Kernel1_Square/hls/.autopilot/db/global.setting.tcl 
Execute       ap_part_info -name xcu250-figd2104-2L-e -data names -quiet 
Execute       ap_part_info -name xcu250-figd2104-2L-e -data info -quiet 
Execute       source /media/diskDrive/ahead/ahead_user13/AHEAD/Project/Kernel1_Square/Kernel1_Square/hls/.autopilot/db/Kernel1_Square.constraint.tcl 
Execute       sc_get_clocks Kernel1_Square 
Execute       source /media/diskDrive/ahead/ahead_user13/AHEAD/Project/Kernel1_Square/Kernel1_Square/hls/.autopilot/db/global.setting.tcl 
INFO-FLOW: DBG:PROC: ::HLSREPORTS::add_csynth_report_sections bind_info_dict='adapter_nodes {} cache_nodes {} report_dict {TOPINST Kernel1_Square MODULE2INSTS {Kernel1_Square Kernel1_Square} INST2MODULE {Kernel1_Square Kernel1_Square} INSTDATA {Kernel1_Square {DEPTH 1 CHILDREN {}}} MODULEDATA {Kernel1_Square {AREA {DSP 0 BRAM 0 URAM 0}}}}'
INFO-FLOW: DBG:PUTS:      update_csynth_reports json2rpt_hw_sw_interfaces
INFO-FLOW: Running: gen_csynth_sec_pragma
INFO-FLOW: Done: gen_csynth_sec_pragma time: 0 seconds per iteration
INFO-FLOW: DBG:PUTS:      update_csynth_reports wrote xml
INFO-FLOW: DBG:PUTS:      update_csynth_reports appended to csynth rpt file
INFO: [HLS 200-111] Finished Updating report files: CPU user time: 0.2 seconds. CPU system time: 0.02 seconds. Elapsed time: 0.22 seconds; current allocated memory: 361.539 MB.
INFO: [VHDL 208-304] Generating VHDL RTL for Kernel1_Square.
INFO: [VLOG 209-307] Generating Verilog RTL for Kernel1_Square.
Execute       syn_report -model Kernel1_Square -printsummary 
INFO: [HLS 200-790] **** Loop Constraint Status: All loop constraints were NOT satisfied.
INFO: [HLS 200-789] **** Estimated Fmax: 213.86 MHz
Command     autosyn done; 0.49 sec.
Command   csynth_design done; 9.44 sec.
Execute   close_project 
Execute     close_solution 
Execute       cleanup_all 
Execute       cleanup_all 
