INFO: [v++ 60-1548] Creating build summary session with primary output /media/diskDrive/ahead/ahead_user12/AHEAD/KernelHLSStuff/Kernel_connected/KernelConnector/KernelConnector/KernelConnector.hlscompile_summary, at Thu Jun 12 16:06:47 2025
INFO: [v++ 82-31] Launching vitis_hls: vitis_hls -nolog -run csynth -work_dir /media/diskDrive/ahead/ahead_user12/AHEAD/KernelHLSStuff/Kernel_connected/KernelConnector/KernelConnector -config /media/diskDrive/ahead/ahead_user12/AHEAD/KernelHLSStuff/Kernel_connected/KernelConnector/hls_config.cfg -cmdlineconfig /media/diskDrive/ahead/ahead_user12/AHEAD/KernelHLSStuff/Kernel_connected/KernelConnector/KernelConnector/hls/config.cmdline

****** Vitis HLS - High-Level Synthesis from C, C++ and OpenCL v2024.1 (64-bit)
  **** SW Build 5069499 on May 21 2024
  **** IP Build 5075265 on Wed May 22 21:45:21 MDT 2024
  **** SharedData Build 5076995 on Wed May 22 18:29:18 MDT 2024
  **** Start of session at: Thu Jun 12 16:06:49 2025
    ** Copyright 1986-2022 Xilinx, Inc. All Rights Reserved.
    ** Copyright 2022-2024 Advanced Micro Devices, Inc. All Rights Reserved.

source /media/slowSSD/Xilinx_2024.1/Vitis_HLS/2024.1/scripts/vitis_hls/hls.tcl -notrace
INFO: [HLS 200-10] For user 'ahead_user12' on host 'sabidi-OptiPlex-7090' (Linux_x86_64 version 5.15.0-134-generic) on Thu Jun 12 16:06:51 CEST 2025
INFO: [HLS 200-10] On os Ubuntu 20.04.6 LTS
INFO: [HLS 200-10] In directory '/media/diskDrive/ahead/ahead_user12/AHEAD/KernelHLSStuff/Kernel_connected/KernelConnector'
INFO: [HLS 200-2005] Using work_dir /media/diskDrive/ahead/ahead_user12/AHEAD/KernelHLSStuff/Kernel_connected/KernelConnector/KernelConnector 
INFO: [HLS 200-1505] Using default flow_target 'vivado'
Resolution: For help on HLS 200-1505 see docs.xilinx.com/access/sources/dita/topic?Doc_Version=2024.1%20English&url=ug1448-hls-guidance&resourceid=200-1505.html
INFO: [HLS 200-1465] Applying ini 'syn.file=/media/diskDrive/ahead/ahead_user12/AHEAD/KernelHLSStuff/Kernel2_Sum/Kernel2Sum/Kernel2Sum.cpp' from /media/diskDrive/ahead/ahead_user12/AHEAD/KernelHLSStuff/Kernel_connected/KernelConnector/hls_config.cfg(9)
INFO: [HLS 200-10] Adding design file '/media/diskDrive/ahead/ahead_user12/AHEAD/KernelHLSStuff/Kernel2_Sum/Kernel2Sum/Kernel2Sum.cpp' to the project
INFO: [HLS 200-1465] Applying ini 'syn.file=/media/diskDrive/ahead/ahead_user12/AHEAD/KernelHLSStuff/Kernel2_Sum/Kernel2Sum/Kernel2Sum.h' from /media/diskDrive/ahead/ahead_user12/AHEAD/KernelHLSStuff/Kernel_connected/KernelConnector/hls_config.cfg(10)
INFO: [HLS 200-10] Adding design file '/media/diskDrive/ahead/ahead_user12/AHEAD/KernelHLSStuff/Kernel2_Sum/Kernel2Sum/Kernel2Sum.h' to the project
INFO: [HLS 200-1465] Applying ini 'syn.file=/media/diskDrive/ahead/ahead_user12/AHEAD/KernelHLSStuff/Kernel1_Square/Kernel1Square.cpp' from /media/diskDrive/ahead/ahead_user12/AHEAD/KernelHLSStuff/Kernel_connected/KernelConnector/hls_config.cfg(11)
INFO: [HLS 200-10] Adding design file '/media/diskDrive/ahead/ahead_user12/AHEAD/KernelHLSStuff/Kernel1_Square/Kernel1Square.cpp' to the project
INFO: [HLS 200-1465] Applying ini 'syn.file=/media/diskDrive/ahead/ahead_user12/AHEAD/KernelHLSStuff/Kernel1_Square/Kernel1Square.h' from /media/diskDrive/ahead/ahead_user12/AHEAD/KernelHLSStuff/Kernel_connected/KernelConnector/hls_config.cfg(12)
INFO: [HLS 200-10] Adding design file '/media/diskDrive/ahead/ahead_user12/AHEAD/KernelHLSStuff/Kernel1_Square/Kernel1Square.h' to the project
INFO: [HLS 200-1465] Applying ini 'syn.file=KernelConnector.cpp' from /media/diskDrive/ahead/ahead_user12/AHEAD/KernelHLSStuff/Kernel_connected/KernelConnector/hls_config.cfg(13)
INFO: [HLS 200-10] Adding design file '/media/diskDrive/ahead/ahead_user12/AHEAD/KernelHLSStuff/Kernel_connected/KernelConnector/KernelConnector.cpp' to the project
INFO: [HLS 200-1465] Applying ini 'syn.file=/media/diskDrive/ahead/ahead_user12/AHEAD/KernelHLSStuff/Kernel_connected/KernelConnector/KernelConnector.h' from /media/diskDrive/ahead/ahead_user12/AHEAD/KernelHLSStuff/Kernel_connected/KernelConnector/hls_config.cfg(14)
INFO: [HLS 200-10] Adding design file '/media/diskDrive/ahead/ahead_user12/AHEAD/KernelHLSStuff/Kernel_connected/KernelConnector/KernelConnector.h' to the project
INFO: [HLS 200-1465] Applying ini 'tb.file=/media/diskDrive/ahead/ahead_user12/AHEAD/KernelHLSStuff/Kernel_connected/KernelConnector/KernelConnector_test.cpp' from /media/diskDrive/ahead/ahead_user12/AHEAD/KernelHLSStuff/Kernel_connected/KernelConnector/hls_config.cfg(15)
INFO: [HLS 200-10] Adding test bench file '/media/diskDrive/ahead/ahead_user12/AHEAD/KernelHLSStuff/Kernel_connected/KernelConnector/KernelConnector_test.cpp' to the project
INFO: [HLS 200-1465] Applying ini 'syn.top=Kernel_Connector' from /media/diskDrive/ahead/ahead_user12/AHEAD/KernelHLSStuff/Kernel_connected/KernelConnector/hls_config.cfg(8)
INFO: [HLS 200-1465] Applying ini 'flow_target=vivado' from /media/diskDrive/ahead/ahead_user12/AHEAD/KernelHLSStuff/Kernel_connected/KernelConnector/hls_config.cfg(4)
INFO: [HLS 200-1505] Using flow_target 'vivado'
Resolution: For help on HLS 200-1505 see docs.xilinx.com/access/sources/dita/topic?Doc_Version=2024.1%20English&url=ug1448-hls-guidance&resourceid=200-1505.html
INFO: [HLS 200-1465] Applying ini 'part=xcu250-figd2104-2L-e' from /media/diskDrive/ahead/ahead_user12/AHEAD/KernelHLSStuff/Kernel_connected/KernelConnector/hls_config.cfg(1)
INFO: [HLS 200-1611] Setting target device to 'xcu250-figd2104-2L-e'
INFO: [HLS 200-1465] Applying ini 'clock=10ns' from /media/diskDrive/ahead/ahead_user12/AHEAD/KernelHLSStuff/Kernel_connected/KernelConnector/hls_config.cfg(7)
INFO: [SYN 201-201] Setting up clock 'default' with a period of 10ns.
INFO: [HLS 200-1465] Applying ini 'package.output.format=ip_catalog' from /media/diskDrive/ahead/ahead_user12/AHEAD/KernelHLSStuff/Kernel_connected/KernelConnector/hls_config.cfg(5)
INFO: [HLS 200-111] Finished File checks and directory preparation: CPU user time: 4.09 seconds. CPU system time: 0.32 seconds. Elapsed time: 4.22 seconds; current allocated memory: 337.051 MB.
INFO: [HLS 200-10] Analyzing design file 'KernelConnector.cpp' ... 
INFO: [HLS 200-10] Analyzing design file '../../Kernel1_Square/Kernel1Square.cpp' ... 
INFO: [HLS 200-10] Analyzing design file '../../Kernel2_Sum/Kernel2Sum/Kernel2Sum.cpp' ... 
INFO: [HLS 200-111] Finished Source Code Analysis and Preprocessing: CPU user time: 1.14 seconds. CPU system time: 1.16 seconds. Elapsed time: 2.3 seconds; current allocated memory: 339.109 MB.
INFO: [HLS 200-777] Using interface defaults for 'Vivado' flow target.
INFO: [HLS 200-1995] There were 91 instructions in the design after the 'Compile/Link' phase of compilation. See the Design Size Report for more details: /media/diskDrive/ahead/ahead_user12/AHEAD/KernelHLSStuff/Kernel_connected/KernelConnector/KernelConnector/hls/syn/report/csynth_design_size.rpt
INFO: [HLS 200-1995] There were 27 instructions in the design after the 'Unroll/Inline (step 1)' phase of compilation. See the Design Size Report for more details: /media/diskDrive/ahead/ahead_user12/AHEAD/KernelHLSStuff/Kernel_connected/KernelConnector/KernelConnector/hls/syn/report/csynth_design_size.rpt
INFO: [HLS 200-1995] There were 25 instructions in the design after the 'Unroll/Inline (step 2)' phase of compilation. See the Design Size Report for more details: /media/diskDrive/ahead/ahead_user12/AHEAD/KernelHLSStuff/Kernel_connected/KernelConnector/KernelConnector/hls/syn/report/csynth_design_size.rpt
INFO: [HLS 200-1995] There were 19 instructions in the design after the 'Unroll/Inline (step 3)' phase of compilation. See the Design Size Report for more details: /media/diskDrive/ahead/ahead_user12/AHEAD/KernelHLSStuff/Kernel_connected/KernelConnector/KernelConnector/hls/syn/report/csynth_design_size.rpt
INFO: [HLS 200-1995] There were 19 instructions in the design after the 'Unroll/Inline (step 4)' phase of compilation. See the Design Size Report for more details: /media/diskDrive/ahead/ahead_user12/AHEAD/KernelHLSStuff/Kernel_connected/KernelConnector/KernelConnector/hls/syn/report/csynth_design_size.rpt
INFO: [HLS 200-1995] There were 19 instructions in the design after the 'Array/Struct (step 1)' phase of compilation. See the Design Size Report for more details: /media/diskDrive/ahead/ahead_user12/AHEAD/KernelHLSStuff/Kernel_connected/KernelConnector/KernelConnector/hls/syn/report/csynth_design_size.rpt
INFO: [HLS 200-1995] There were 19 instructions in the design after the 'Array/Struct (step 2)' phase of compilation. See the Design Size Report for more details: /media/diskDrive/ahead/ahead_user12/AHEAD/KernelHLSStuff/Kernel_connected/KernelConnector/KernelConnector/hls/syn/report/csynth_design_size.rpt
INFO: [HLS 200-1995] There were 19 instructions in the design after the 'Array/Struct (step 3)' phase of compilation. See the Design Size Report for more details: /media/diskDrive/ahead/ahead_user12/AHEAD/KernelHLSStuff/Kernel_connected/KernelConnector/KernelConnector/hls/syn/report/csynth_design_size.rpt
INFO: [HLS 200-1995] There were 19 instructions in the design after the 'Array/Struct (step 4)' phase of compilation. See the Design Size Report for more details: /media/diskDrive/ahead/ahead_user12/AHEAD/KernelHLSStuff/Kernel_connected/KernelConnector/KernelConnector/hls/syn/report/csynth_design_size.rpt
INFO: [HLS 200-1995] There were 19 instructions in the design after the 'Array/Struct (step 5)' phase of compilation. See the Design Size Report for more details: /media/diskDrive/ahead/ahead_user12/AHEAD/KernelHLSStuff/Kernel_connected/KernelConnector/KernelConnector/hls/syn/report/csynth_design_size.rpt
INFO: [HLS 200-1995] There were 19 instructions in the design after the 'Performance (step 1)' phase of compilation. See the Design Size Report for more details: /media/diskDrive/ahead/ahead_user12/AHEAD/KernelHLSStuff/Kernel_connected/KernelConnector/KernelConnector/hls/syn/report/csynth_design_size.rpt
INFO: [HLS 200-1995] There were 19 instructions in the design after the 'Performance (step 2)' phase of compilation. See the Design Size Report for more details: /media/diskDrive/ahead/ahead_user12/AHEAD/KernelHLSStuff/Kernel_connected/KernelConnector/KernelConnector/hls/syn/report/csynth_design_size.rpt
INFO: [HLS 200-1995] There were 19 instructions in the design after the 'Performance (step 3)' phase of compilation. See the Design Size Report for more details: /media/diskDrive/ahead/ahead_user12/AHEAD/KernelHLSStuff/Kernel_connected/KernelConnector/KernelConnector/hls/syn/report/csynth_design_size.rpt
INFO: [HLS 200-1995] There were 19 instructions in the design after the 'Performance (step 4)' phase of compilation. See the Design Size Report for more details: /media/diskDrive/ahead/ahead_user12/AHEAD/KernelHLSStuff/Kernel_connected/KernelConnector/KernelConnector/hls/syn/report/csynth_design_size.rpt
INFO: [HLS 200-1995] There were 23 instructions in the design after the 'HW Transforms (step 1)' phase of compilation. See the Design Size Report for more details: /media/diskDrive/ahead/ahead_user12/AHEAD/KernelHLSStuff/Kernel_connected/KernelConnector/KernelConnector/hls/syn/report/csynth_design_size.rpt
INFO: [HLS 200-1995] There were 35 instructions in the design after the 'HW Transforms (step 2)' phase of compilation. See the Design Size Report for more details: /media/diskDrive/ahead/ahead_user12/AHEAD/KernelHLSStuff/Kernel_connected/KernelConnector/KernelConnector/hls/syn/report/csynth_design_size.rpt
WARNING: [HLS 214-387] Ignore depth setting for top argument 'InputStream' (KernelConnector.cpp:5:0)
INFO: [HLS 214-178] Inlining function 'SquareStream(hls::stream<int, 0>&, hls::stream<int, 0>&)' into 'Kernel1_Square' (../../Kernel1_Square/Kernel1Square.cpp:13:0)
INFO: [HLS 214-178] Inlining function 'Kernel1_Square' into 'Kernel_Connector' (KernelConnector.cpp:5:0)
INFO: [HLS 214-178] Inlining function 'Kernel2Sum' into 'Kernel_Connector' (KernelConnector.cpp:5:0)
INFO: [HLS 214-376] automatically set the pipeline for Loop< VITIS_LOOP_6_1> at ../../Kernel1_Square/Kernel1Square.cpp:6:21 
INFO: [HLS 214-376] automatically set the pipeline for Loop< VITIS_LOOP_8_1> at ../../Kernel2_Sum/Kernel2Sum/Kernel2Sum.cpp:8:21 
WARNING: [HLS 214-238] Unable to apply INTERFACE pragma options on a pass by value struct member field. Consider changing the signature of the struct to a pass by reference or as a pointer. In function 'Kernel_Connector' (KernelConnector.cpp:10:9)
INFO: [HLS 200-111] Finished Compiling Optimization and Transform: CPU user time: 2.61 seconds. CPU system time: 0.38 seconds. Elapsed time: 7.65 seconds; current allocated memory: 340.664 MB.
INFO: [HLS 200-111] Finished Checking Pragmas: CPU user time: 0 seconds. CPU system time: 0 seconds. Elapsed time: 0 seconds; current allocated memory: 340.664 MB.
INFO: [HLS 200-10] Starting code transformations ...
INFO: [HLS 200-111] Finished Standard Transforms: CPU user time: 0 seconds. CPU system time: 0 seconds. Elapsed time: 0 seconds; current allocated memory: 340.859 MB.
INFO: [HLS 200-10] Checking synthesizability ...
INFO: [HLS 200-111] Finished Checking Synthesizability: CPU user time: 0.01 seconds. CPU system time: 0.01 seconds. Elapsed time: 0.01 seconds; current allocated memory: 340.922 MB.
INFO: [HLS 200-111] Finished Loop, function and other optimizations: CPU user time: 0.02 seconds. CPU system time: 0 seconds. Elapsed time: 0.03 seconds; current allocated memory: 361.926 MB.
INFO: [HLS 200-111] Finished Architecture Synthesis: CPU user time: 0.02 seconds. CPU system time: 0.01 seconds. Elapsed time: 0.03 seconds; current allocated memory: 371.176 MB.
INFO: [HLS 200-10] Starting hardware synthesis ...
INFO: [HLS 200-10] Synthesizing 'Kernel_Connector' ...
INFO: [HLS 200-10] ----------------------------------------------------------------
INFO: [HLS 200-42] -- Implementing module 'Kernel_Connector_Pipeline_VITIS_LOOP_6_1' 
INFO: [HLS 200-10] ----------------------------------------------------------------
INFO: [SCHED 204-11] Starting scheduling ...
INFO: [SCHED 204-61] Pipelining loop 'VITIS_LOOP_6_1'.
WARNING: [HLS 200-878] Unable to schedule the loop exit test (axis request operation ('tmp', ../../Kernel1_Square/Kernel1Square.cpp:10->../../Kernel1_Square/Kernel1Square.cpp:16->KernelConnector.cpp:12) on port 'InputStream' (../../Kernel1_Square/Kernel1Square.cpp:10->../../Kernel1_Square/Kernel1Square.cpp:16->KernelConnector.cpp:12)) in the first pipeline iteration (II = 1 cycles).
Resolution: For help on HLS 200-878 see docs.xilinx.com/access/sources/dita/topic?Doc_Version=2024.1%20English&url=ug1448-hls-guidance&resourceid=200-878.html
WARNING: [HLS 200-878] Unable to schedule the loop exit test (axis request operation ('tmp', ../../Kernel1_Square/Kernel1Square.cpp:10->../../Kernel1_Square/Kernel1Square.cpp:16->KernelConnector.cpp:12) on port 'InputStream' (../../Kernel1_Square/Kernel1Square.cpp:10->../../Kernel1_Square/Kernel1Square.cpp:16->KernelConnector.cpp:12)) in the first pipeline iteration (II = 1 cycles).
Resolution: For help on HLS 200-878 see docs.xilinx.com/access/sources/dita/topic?Doc_Version=2024.1%20English&url=ug1448-hls-guidance&resourceid=200-878.html
INFO: [HLS 200-1470] Pipelining result : Target II = NA, Final II = 2, Depth = 2, loop 'VITIS_LOOP_6_1'
INFO: [SCHED 204-11] Finished scheduling.
INFO: [HLS 200-111] Finished Scheduling: CPU user time: 0.03 seconds. CPU system time: 0.03 seconds. Elapsed time: 0.05 seconds; current allocated memory: 372.098 MB.
INFO: [BIND 205-100] Starting micro-architecture generation ...
INFO: [BIND 205-101] Performing variable lifetime analysis.
INFO: [BIND 205-101] Exploring resource sharing.
INFO: [BIND 205-101] Binding ...
INFO: [BIND 205-100] Finished micro-architecture generation.
INFO: [HLS 200-111] Finished Binding: CPU user time: 0.01 seconds. CPU system time: 0 seconds. Elapsed time: 0.02 seconds; current allocated memory: 372.098 MB.
INFO: [HLS 200-10] ----------------------------------------------------------------
INFO: [HLS 200-42] -- Implementing module 'Kernel_Connector_Pipeline_VITIS_LOOP_8_1' 
INFO: [HLS 200-10] ----------------------------------------------------------------
INFO: [SCHED 204-11] Starting scheduling ...
INFO: [SCHED 204-61] Pipelining loop 'VITIS_LOOP_8_1'.
WARNING: [HLS 200-878] Unable to schedule the loop exit test (fifo request operation ('tmp_1', ../../Kernel2_Sum/Kernel2Sum/Kernel2Sum.cpp:14->KernelConnector.cpp:13) on port 'intermediateStream' (../../Kernel2_Sum/Kernel2Sum/Kernel2Sum.cpp:14->KernelConnector.cpp:13)) in the first pipeline iteration (II = 1 cycles).
Resolution: For help on HLS 200-878 see docs.xilinx.com/access/sources/dita/topic?Doc_Version=2024.1%20English&url=ug1448-hls-guidance&resourceid=200-878.html
WARNING: [HLS 200-878] Unable to schedule the loop exit test (fifo request operation ('tmp_1', ../../Kernel2_Sum/Kernel2Sum/Kernel2Sum.cpp:14->KernelConnector.cpp:13) on port 'intermediateStream' (../../Kernel2_Sum/Kernel2Sum/Kernel2Sum.cpp:14->KernelConnector.cpp:13)) in the first pipeline iteration (II = 1 cycles).
Resolution: For help on HLS 200-878 see docs.xilinx.com/access/sources/dita/topic?Doc_Version=2024.1%20English&url=ug1448-hls-guidance&resourceid=200-878.html
INFO: [HLS 200-1470] Pipelining result : Target II = NA, Final II = 2, Depth = 2, loop 'VITIS_LOOP_8_1'
INFO: [SCHED 204-11] Finished scheduling.
INFO: [HLS 200-111] Finished Scheduling: CPU user time: 0.03 seconds. CPU system time: 0.01 seconds. Elapsed time: 0.04 seconds; current allocated memory: 372.105 MB.
INFO: [BIND 205-100] Starting micro-architecture generation ...
INFO: [BIND 205-101] Performing variable lifetime analysis.
INFO: [BIND 205-101] Exploring resource sharing.
INFO: [BIND 205-101] Binding ...
INFO: [BIND 205-100] Finished micro-architecture generation.
INFO: [HLS 200-111] Finished Binding: CPU user time: 0.01 seconds. CPU system time: 0 seconds. Elapsed time: 0.02 seconds; current allocated memory: 372.105 MB.
INFO: [HLS 200-10] ----------------------------------------------------------------
INFO: [HLS 200-42] -- Implementing module 'Kernel_Connector' 
INFO: [HLS 200-10] ----------------------------------------------------------------
INFO: [SCHED 204-11] Starting scheduling ...
INFO: [SCHED 204-11] Finished scheduling.
INFO: [HLS 200-111] Finished Scheduling: CPU user time: 0.01 seconds. CPU system time: 0.01 seconds. Elapsed time: 0.02 seconds; current allocated memory: 372.105 MB.
INFO: [BIND 205-100] Starting micro-architecture generation ...
INFO: [BIND 205-101] Performing variable lifetime analysis.
INFO: [BIND 205-101] Exploring resource sharing.
INFO: [BIND 205-101] Binding ...
INFO: [BIND 205-100] Finished micro-architecture generation.
INFO: [HLS 200-111] Finished Binding: CPU user time: 0.01 seconds. CPU system time: 0 seconds. Elapsed time: 0.02 seconds; current allocated memory: 372.105 MB.
INFO: [HLS 200-10] ----------------------------------------------------------------
INFO: [HLS 200-10] -- Generating RTL for module 'Kernel_Connector_Pipeline_VITIS_LOOP_6_1' 
INFO: [HLS 200-10] ----------------------------------------------------------------
INFO: [RTGEN 206-100] Generating core module 'mul_32s_32s_32_1_1': 1 instance(s).
INFO: [RTGEN 206-100] Finished creating RTL model for 'Kernel_Connector_Pipeline_VITIS_LOOP_6_1'.
INFO: [HLS 200-111] Finished Creating RTL model: CPU user time: 0.02 seconds. CPU system time: 0 seconds. Elapsed time: 0.02 seconds; current allocated memory: 372.105 MB.
INFO: [HLS 200-10] ----------------------------------------------------------------
INFO: [HLS 200-10] -- Generating RTL for module 'Kernel_Connector_Pipeline_VITIS_LOOP_8_1' 
INFO: [HLS 200-10] ----------------------------------------------------------------
INFO: [RTGEN 206-100] Finished creating RTL model for 'Kernel_Connector_Pipeline_VITIS_LOOP_8_1'.
INFO: [HLS 200-111] Finished Creating RTL model: CPU user time: 0.06 seconds. CPU system time: 0.01 seconds. Elapsed time: 0.06 seconds; current allocated memory: 372.105 MB.
INFO: [HLS 200-10] ----------------------------------------------------------------
INFO: [HLS 200-10] -- Generating RTL for module 'Kernel_Connector' 
INFO: [HLS 200-10] ----------------------------------------------------------------
WARNING: [RTGEN 206-101] Design contains AXI ports. Reset is fixed to synchronous and active low.
INFO: [RTGEN 206-500] Setting interface mode on port 'Kernel_Connector/InputStream' to 'axis' (register, both mode).
INFO: [RTGEN 206-500] Setting interface mode on port 'Kernel_Connector/OutStream' to 'ap_fifo'.
INFO: [RTGEN 206-500] Setting interface mode on function 'Kernel_Connector' to 'ap_ctrl_hs'.
INFO: [RTGEN 206-100] Finished creating RTL model for 'Kernel_Connector'.
INFO: [RTMG 210-285] Implementing FIFO 'intermediateStream_U(Kernel_Connector_fifo_w32_d3_S)' using Shift Registers.
INFO: [HLS 200-111] Finished Creating RTL model: CPU user time: 0.05 seconds. CPU system time: 0 seconds. Elapsed time: 0.06 seconds; current allocated memory: 372.105 MB.
INFO: [HLS 200-111] Finished Generating all RTL models: CPU user time: 0.2 seconds. CPU system time: 0.01 seconds. Elapsed time: 0.21 seconds; current allocated memory: 374.266 MB.
INFO: [HLS 200-111] Finished Updating report files: CPU user time: 0.27 seconds. CPU system time: 0.01 seconds. Elapsed time: 0.28 seconds; current allocated memory: 376.336 MB.
INFO: [VHDL 208-304] Generating VHDL RTL for Kernel_Connector.
INFO: [VLOG 209-307] Generating Verilog RTL for Kernel_Connector.
INFO: [HLS 200-790] **** Loop Constraint Status: All loop constraints were NOT satisfied.
INFO: [HLS 200-789] **** Estimated Fmax: 212.18 MHz
INFO: [HLS 200-112] Total CPU user time: 8.62 seconds. Total CPU system time: 1.97 seconds. Total elapsed time: 15.07 seconds; peak allocated memory: 376.430 MB.
INFO: [v++ 60-791] Total elapsed time: 0h 0m 19s
