Thu Jun 12 15:55:30 2025: Running xcd server. This server was built by gradle.
Thu Jun 12 15:55:30 2025: Server was asked to start on port: '34351'
Thu Jun 12 15:55:30 2025: Server is using token UUID: '58b4ed1b-a3ac-43d1-b9f5-b9eb2e9a2e68'
Thu Jun 12 15:55:30 2025: SESSION_MGR: creating session with session uuid: '6d04a3e9-ade5-4ab9-8d63-1f78fcd2ec76' and name 'default'
Thu Jun 12 15:55:30 2025: Attempting to start server on port '34351'
Thu Jun 12 15:55:30 2025: XCD main fifo: created main fifo '/tmp/xcdmain58b4ed1b-a3ac-43d1-b9f5-b9eb2e9a2e68', fd read = 13
Thu Jun 12 15:55:30 2025: Running Dispatch Server
Thu Jun 12 15:55:30 2025: Version 2.2.0
Thu Jun 12 15:55:31 2025: Dispatch Server: Accepted socket connection from client
Thu Jun 12 15:55:31 2025: Starting Socket connection
Thu Jun 12 15:55:31 2025: EXCHANGE_TOKEN received, server token: 58b4ed1b-a3ac-43d1-b9f5-b9eb2e9a2e68, passed token: 58b4ed1b-a3ac-43d1-b9f5-b9eb2e9a2e68
Thu Jun 12 15:55:31 2025: DISPATCH_HANDLER: Adding handler from function makeHandler in library libxv_system_diagram
Thu Jun 12 15:55:31 2025: SESSION_MGR: creating session with session uuid: '802ee7ec-97af-48ef-82f7-627c349ffa31' and name 'v++_compile_KernelConnector'
Thu Jun 12 15:55:31 2025: KERNEL_SVC: creating session with uuid: '802ee7ec-97af-48ef-82f7-627c349ffa31' and name 'v++_compile_KernelConnector'
Thu Jun 12 15:55:31 2025: GUIDANCE_SMGR: creating guidance session with uuid: '802ee7ec-97af-48ef-82f7-627c349ffa31' and name 'v++_compile_KernelConnector'
Thu Jun 12 15:55:31 2025: SYSTEM_DIAGRAM: creating session with uuid: '802ee7ec-97af-48ef-82f7-627c349ffa31' and name 'v++_compile_KernelConnector'
Thu Jun 12 15:55:36 2025: Dispatch Server: Accepted socket connection from client
Thu Jun 12 15:55:36 2025: Starting Socket connection
Thu Jun 12 15:55:48 2025: SESSION_MGR: closing session for UUID '802ee7ec-97af-48ef-82f7-627c349ffa31' with name 'v++_compile_KernelConnector'
Thu Jun 12 15:55:48 2025: KERNEL_SVC: closing session for UUID '802ee7ec-97af-48ef-82f7-627c349ffa31' with name 'v++_compile_KernelConnector'
Thu Jun 12 15:55:48 2025: GUIDANCE_SMGR: closing session for UUID '802ee7ec-97af-48ef-82f7-627c349ffa31' with name 'v++_compile_KernelConnector'
Thu Jun 12 15:55:48 2025: SYSTEM_DIAGRAM: closing session for UUID '802ee7ec-97af-48ef-82f7-627c349ffa31' with name 'v++_compile_KernelConnector'
Thu Jun 12 15:55:48 2025: STOP_SERVER received, server token: 58b4ed1b-a3ac-43d1-b9f5-b9eb2e9a2e68, passed token: 58b4ed1b-a3ac-43d1-b9f5-b9eb2e9a2e68
Thu Jun 12 15:55:48 2025: Socket received request to stop server.
Thu Jun 12 15:55:48 2025: Dispatch Server: do_await_stop
Thu Jun 12 15:55:48 2025: Dispatch Server: stopping mainFifo_
Thu Jun 12 15:55:48 2025: XCD main fifo: Stopping
Thu Jun 12 15:55:48 2025: XCD main fifo: do_read error code: Operation canceled
Thu Jun 12 15:55:48 2025: XCD main fifo: bytes_transferred: 0
Thu Jun 12 15:55:48 2025: SERVER: destructor for server bound to port 34351
Thu Jun 12 15:55:48 2025: XCD main fifo: Good unlink of /tmp/xcdmain58b4ed1b-a3ac-43d1-b9f5-b9eb2e9a2e68
Thu Jun 12 15:55:48 2025: Server exiting with status 0.
Thu Jun 12 15:55:48 2025: Closing log file.
Thu Jun 12 16:01:11 2025: Running xcd server. This server was built by gradle.
Thu Jun 12 16:01:11 2025: Server was asked to start on port: '34393'
Thu Jun 12 16:01:11 2025: Server is using token UUID: '9faf1097-4355-4523-8526-1bb2d561ac07'
Thu Jun 12 16:01:11 2025: SESSION_MGR: creating session with session uuid: '6d04a3e9-ade5-4ab9-8d63-1f78fcd2ec76' and name 'default'
Thu Jun 12 16:01:11 2025: Attempting to start server on port '34393'
Thu Jun 12 16:01:11 2025: XCD main fifo: created main fifo '/tmp/xcdmain9faf1097-4355-4523-8526-1bb2d561ac07', fd read = 13
Thu Jun 12 16:01:11 2025: Running Dispatch Server
Thu Jun 12 16:01:11 2025: Version 2.2.0
Thu Jun 12 16:01:12 2025: Dispatch Server: Accepted socket connection from client
Thu Jun 12 16:01:12 2025: Starting Socket connection
Thu Jun 12 16:01:12 2025: EXCHANGE_TOKEN received, server token: 9faf1097-4355-4523-8526-1bb2d561ac07, passed token: 9faf1097-4355-4523-8526-1bb2d561ac07
Thu Jun 12 16:01:12 2025: DISPATCH_HANDLER: Adding handler from function makeHandler in library libxv_system_diagram
Thu Jun 12 16:01:12 2025: SESSION_MGR: creating session with session uuid: '19de0598-f944-401e-a1e6-0e5af0ddc3e5' and name 'vitis-run_compile_KernelConnector'
Thu Jun 12 16:01:12 2025: KERNEL_SVC: creating session with uuid: '19de0598-f944-401e-a1e6-0e5af0ddc3e5' and name 'vitis-run_compile_KernelConnector'
Thu Jun 12 16:01:12 2025: GUIDANCE_SMGR: creating guidance session with uuid: '19de0598-f944-401e-a1e6-0e5af0ddc3e5' and name 'vitis-run_compile_KernelConnector'
Thu Jun 12 16:01:12 2025: SYSTEM_DIAGRAM: creating session with uuid: '19de0598-f944-401e-a1e6-0e5af0ddc3e5' and name 'vitis-run_compile_KernelConnector'
Thu Jun 12 16:01:18 2025: Dispatch Server: Accepted socket connection from client
Thu Jun 12 16:01:18 2025: Starting Socket connection
Thu Jun 12 16:01:22 2025: SESSION_MGR: closing session for UUID '19de0598-f944-401e-a1e6-0e5af0ddc3e5' with name 'vitis-run_compile_KernelConnector'
Thu Jun 12 16:01:22 2025: KERNEL_SVC: closing session for UUID '19de0598-f944-401e-a1e6-0e5af0ddc3e5' with name 'vitis-run_compile_KernelConnector'
Thu Jun 12 16:01:22 2025: GUIDANCE_SMGR: closing session for UUID '19de0598-f944-401e-a1e6-0e5af0ddc3e5' with name 'vitis-run_compile_KernelConnector'
Thu Jun 12 16:01:22 2025: SYSTEM_DIAGRAM: closing session for UUID '19de0598-f944-401e-a1e6-0e5af0ddc3e5' with name 'vitis-run_compile_KernelConnector'
Thu Jun 12 16:01:22 2025: STOP_SERVER received, server token: 9faf1097-4355-4523-8526-1bb2d561ac07, passed token: 9faf1097-4355-4523-8526-1bb2d561ac07
Thu Jun 12 16:01:22 2025: Socket received request to stop server.
Thu Jun 12 16:01:22 2025: Dispatch Server: do_await_stop
Thu Jun 12 16:01:22 2025: Dispatch Server: stopping mainFifo_
Thu Jun 12 16:01:22 2025: XCD main fifo: Stopping
Thu Jun 12 16:01:22 2025: XCD main fifo: do_read error code: Operation canceled
Thu Jun 12 16:01:22 2025: XCD main fifo: bytes_transferred: 0
Thu Jun 12 16:01:22 2025: SERVER: destructor for server bound to port 34393
Thu Jun 12 16:01:22 2025: XCD main fifo: Good unlink of /tmp/xcdmain9faf1097-4355-4523-8526-1bb2d561ac07
Thu Jun 12 16:01:22 2025: Server exiting with status 0.
Thu Jun 12 16:01:22 2025: Closing log file.
Thu Jun 12 16:06:46 2025: Running xcd server. This server was built by gradle.
Thu Jun 12 16:06:46 2025: Server was asked to start on port: '41779'
Thu Jun 12 16:06:46 2025: Server is using token UUID: '72a4bb63-a95b-43d2-ba1c-326f2182b7ee'
Thu Jun 12 16:06:46 2025: SESSION_MGR: creating session with session uuid: '6d04a3e9-ade5-4ab9-8d63-1f78fcd2ec76' and name 'default'
Thu Jun 12 16:06:46 2025: Attempting to start server on port '41779'
Thu Jun 12 16:06:46 2025: XCD main fifo: created main fifo '/tmp/xcdmain72a4bb63-a95b-43d2-ba1c-326f2182b7ee', fd read = 13
Thu Jun 12 16:06:46 2025: Running Dispatch Server
Thu Jun 12 16:06:46 2025: Version 2.2.0
Thu Jun 12 16:06:47 2025: Dispatch Server: Accepted socket connection from client
Thu Jun 12 16:06:47 2025: Starting Socket connection
Thu Jun 12 16:06:47 2025: EXCHANGE_TOKEN received, server token: 72a4bb63-a95b-43d2-ba1c-326f2182b7ee, passed token: 72a4bb63-a95b-43d2-ba1c-326f2182b7ee
Thu Jun 12 16:06:47 2025: DISPATCH_HANDLER: Adding handler from function makeHandler in library libxv_system_diagram
Thu Jun 12 16:06:47 2025: SESSION_MGR: creating session with session uuid: '0ac05862-23ca-4cde-91a6-cede9fb56855' and name 'v++_compile_KernelConnector'
Thu Jun 12 16:06:47 2025: KERNEL_SVC: creating session with uuid: '0ac05862-23ca-4cde-91a6-cede9fb56855' and name 'v++_compile_KernelConnector'
Thu Jun 12 16:06:47 2025: GUIDANCE_SMGR: creating guidance session with uuid: '0ac05862-23ca-4cde-91a6-cede9fb56855' and name 'v++_compile_KernelConnector'
Thu Jun 12 16:06:47 2025: SYSTEM_DIAGRAM: creating session with uuid: '0ac05862-23ca-4cde-91a6-cede9fb56855' and name 'v++_compile_KernelConnector'
Thu Jun 12 16:06:53 2025: Dispatch Server: Accepted socket connection from client
Thu Jun 12 16:06:53 2025: Starting Socket connection
Thu Jun 12 16:07:04 2025: SESSION_MGR: closing session for UUID '0ac05862-23ca-4cde-91a6-cede9fb56855' with name 'v++_compile_KernelConnector'
Thu Jun 12 16:07:04 2025: KERNEL_SVC: closing session for UUID '0ac05862-23ca-4cde-91a6-cede9fb56855' with name 'v++_compile_KernelConnector'
Thu Jun 12 16:07:04 2025: GUIDANCE_SMGR: closing session for UUID '0ac05862-23ca-4cde-91a6-cede9fb56855' with name 'v++_compile_KernelConnector'
Thu Jun 12 16:07:04 2025: SYSTEM_DIAGRAM: closing session for UUID '0ac05862-23ca-4cde-91a6-cede9fb56855' with name 'v++_compile_KernelConnector'
Thu Jun 12 16:07:04 2025: STOP_SERVER received, server token: 72a4bb63-a95b-43d2-ba1c-326f2182b7ee, passed token: 72a4bb63-a95b-43d2-ba1c-326f2182b7ee
Thu Jun 12 16:07:04 2025: Socket received request to stop server.
Thu Jun 12 16:07:04 2025: Dispatch Server: do_await_stop
Thu Jun 12 16:07:04 2025: Dispatch Server: stopping mainFifo_
Thu Jun 12 16:07:04 2025: XCD main fifo: Stopping
Thu Jun 12 16:07:04 2025: XCD main fifo: do_read error code: Operation canceled
Thu Jun 12 16:07:04 2025: XCD main fifo: bytes_transferred: 0
Thu Jun 12 16:07:04 2025: SERVER: destructor for server bound to port 41779
Thu Jun 12 16:07:04 2025: XCD main fifo: Good unlink of /tmp/xcdmain72a4bb63-a95b-43d2-ba1c-326f2182b7ee
Thu Jun 12 16:07:04 2025: Server exiting with status 0.
Thu Jun 12 16:07:04 2025: Closing log file.
Thu Jun 12 16:07:10 2025: Running xcd server. This server was built by gradle.
Thu Jun 12 16:07:10 2025: Server was asked to start on port: '41103'
Thu Jun 12 16:07:10 2025: Server is using token UUID: '3f50f57c-7b62-41d2-b105-22ab6140f814'
Thu Jun 12 16:07:10 2025: SESSION_MGR: creating session with session uuid: '6d04a3e9-ade5-4ab9-8d63-1f78fcd2ec76' and name 'default'
Thu Jun 12 16:07:10 2025: Attempting to start server on port '41103'
Thu Jun 12 16:07:10 2025: XCD main fifo: created main fifo '/tmp/xcdmain3f50f57c-7b62-41d2-b105-22ab6140f814', fd read = 13
Thu Jun 12 16:07:10 2025: Running Dispatch Server
Thu Jun 12 16:07:10 2025: Version 2.2.0
Thu Jun 12 16:07:11 2025: Dispatch Server: Accepted socket connection from client
Thu Jun 12 16:07:11 2025: Starting Socket connection
Thu Jun 12 16:07:11 2025: EXCHANGE_TOKEN received, server token: 3f50f57c-7b62-41d2-b105-22ab6140f814, passed token: 3f50f57c-7b62-41d2-b105-22ab6140f814
Thu Jun 12 16:07:11 2025: DISPATCH_HANDLER: Adding handler from function makeHandler in library libxv_system_diagram
Thu Jun 12 16:07:11 2025: SESSION_MGR: creating session with session uuid: '417287db-618e-4bce-97f9-9ec9f2c1a3f6' and name 'vitis-run_compile_KernelConnector'
Thu Jun 12 16:07:11 2025: KERNEL_SVC: creating session with uuid: '417287db-618e-4bce-97f9-9ec9f2c1a3f6' and name 'vitis-run_compile_KernelConnector'
Thu Jun 12 16:07:11 2025: GUIDANCE_SMGR: creating guidance session with uuid: '417287db-618e-4bce-97f9-9ec9f2c1a3f6' and name 'vitis-run_compile_KernelConnector'
Thu Jun 12 16:07:11 2025: SYSTEM_DIAGRAM: creating session with uuid: '417287db-618e-4bce-97f9-9ec9f2c1a3f6' and name 'vitis-run_compile_KernelConnector'
Thu Jun 12 16:07:17 2025: Dispatch Server: Accepted socket connection from client
Thu Jun 12 16:07:17 2025: Starting Socket connection
Thu Jun 12 16:07:19 2025: SESSION_MGR: closing session for UUID '417287db-618e-4bce-97f9-9ec9f2c1a3f6' with name 'vitis-run_compile_KernelConnector'
Thu Jun 12 16:07:19 2025: KERNEL_SVC: closing session for UUID '417287db-618e-4bce-97f9-9ec9f2c1a3f6' with name 'vitis-run_compile_KernelConnector'
Thu Jun 12 16:07:19 2025: GUIDANCE_SMGR: closing session for UUID '417287db-618e-4bce-97f9-9ec9f2c1a3f6' with name 'vitis-run_compile_KernelConnector'
Thu Jun 12 16:07:19 2025: SYSTEM_DIAGRAM: closing session for UUID '417287db-618e-4bce-97f9-9ec9f2c1a3f6' with name 'vitis-run_compile_KernelConnector'
Thu Jun 12 16:07:19 2025: STOP_SERVER received, server token: 3f50f57c-7b62-41d2-b105-22ab6140f814, passed token: 3f50f57c-7b62-41d2-b105-22ab6140f814
Thu Jun 12 16:07:19 2025: Socket received request to stop server.
Thu Jun 12 16:07:19 2025: Dispatch Server: do_await_stop
Thu Jun 12 16:07:19 2025: Dispatch Server: stopping mainFifo_
Thu Jun 12 16:07:19 2025: XCD main fifo: Stopping
Thu Jun 12 16:07:19 2025: XCD main fifo: do_read error code: Operation canceled
Thu Jun 12 16:07:19 2025: XCD main fifo: bytes_transferred: 0
Thu Jun 12 16:07:19 2025: SERVER: destructor for server bound to port 41103
Thu Jun 12 16:07:19 2025: XCD main fifo: Good unlink of /tmp/xcdmain3f50f57c-7b62-41d2-b105-22ab6140f814
Thu Jun 12 16:07:19 2025: Server exiting with status 0.
Thu Jun 12 16:07:19 2025: Closing log file.
